2011-03-24 19:00:14,993 [IsisConfigurationBuilderResourceStreams main       INFO ]  added isis.deploymentType=SERVER_PROTOTYPE
2011-03-24 19:00:14,993 [IsisConfigurationBuilderResourceStreams main       INFO ]  added isis.nosplash=true
2011-03-24 19:00:14,993 [IsisConfigurationDefault main       INFO ]  from :[servlet context ('/WEB-INF'), context loader classpath]
2011-03-24 19:00:14,994 [IsisConfigurationBuilderResourceStreams main       INFO ]  'isis.properties' FOUND
2011-03-24 19:00:14,995 [IsisConfigurationBuilderResourceStreams main       INFO ]  'web.properties' not found, but not needed
2011-03-24 19:00:14,995 [IsisConfigurationBuilderResourceStreams main       INFO ]  'server_prototype.properties' not found, but not needed
2011-03-24 19:00:14,996 [IsisConfigurationBuilderResourceStreams main       INFO ]  added application.webapp.dir=D:\SVN\ai\trunk\support\quickstart\viewer-scimpi\src\main\webapp
2011-03-24 19:00:14,996 [IsisConfigurationBuilderResourceStreams main       INFO ]  added isis.nosplash=true
2011-03-24 19:00:15,000 [InstallerLookupDefault main       INFO ]  component installer not found; it will not be available: org.apache.isis.security.ldap.authorization.LdapAuthorizationManagerInstaller
2011-03-24 19:00:15,001 [InstallerLookupDefault main       INFO ]  component installer not found; it will not be available: org.apache.isis.security.ldap.authentication.LdapAuthenticationManagerInstaller
2011-03-24 19:00:15,002 [InstallerLookupDefault main       INFO ]  component installer not found; it will not be available: org.apache.isis.viewer.dnd.DndViewerInstaller
2011-03-24 19:00:15,003 [InstallerLookupDefault main       INFO ]  component installer not found; it will not be available: org.apache.isis.viewer.html.HtmlViewerInstaller
2011-03-24 19:00:15,004 [InstallerLookupDefault main       INFO ]  component installer not found; it will not be available: org.apache.isis.viewer.restful.viewer.embedded.RestfulViewerInstaller
2011-03-24 19:00:15,006 [InstallerLookupDefault main       INFO ]  component installer not found; it will not be available: org.apache.isis.runtimes.dflt.objectstores.sql.SqlPersistorInstaller
2011-03-24 19:00:15,007 [InstallerLookupDefault main       INFO ]  component installer not found; it will not be available: org.apache.isis.runtimes.dflt.objectstores.nosql.mongo.MongoPersistorMechanismInstaller
2011-03-24 19:00:15,008 [InstallerLookupDefault main       INFO ]  component installer not found; it will not be available: org.apache.isis.runtimes.dflt.objectstores.nosql.file.FileServerPersistorMechanismInstaller
2011-03-24 19:00:15,010 [InstallerLookupDefault main       INFO ]  component installer not found; it will not be available: org.apache.isis.runtimes.dflt.remoting.transport.sockets.client.EncodingOverSocketsProxyInstaller
2011-03-24 19:00:15,011 [InstallerLookupDefault main       INFO ]  component installer not found; it will not be available: org.apache.isis.runtimes.dflt.remoting.transport.sockets.server.EncodingOverSocketsViewerInstaller
2011-03-24 19:00:15,014 [InstallerLookupDefault main       INFO ]  component installer not found; it will not be available: org.apache.isis.runtimes.dflt.remoting.transport.sockets.client.SerializingOverSocketsProxyInstaller
2011-03-24 19:00:15,015 [InstallerLookupDefault main       INFO ]  component installer not found; it will not be available: org.apache.isis.runtimes.dflt.remoting.transport.sockets.server.SerializingOverSocketsViewerInstaller
2011-03-24 19:00:15,019 [InstallerLookupDefault main       INFO ]  component installer not found; it will not be available: org.apache.isis.runtimes.dflt.remoting.transport.http.client.EncodingOverHttpProxyInstaller
2011-03-24 19:00:15,020 [InstallerLookupDefault main       INFO ]  component installer not found; it will not be available: org.apache.isis.runtimes.dflt.remoting.transport.http.server.EncodingOverHttpRemotingViewerInstaller
2011-03-24 19:00:15,020 [InstallerLookupDefault main       INFO ]  component installer not found; it will not be available: org.apache.isis.runtimes.dflt.remoting.marshalling.xstream.client.XStreamOverSocketsProxyDecoratorInstaller
2011-03-24 19:00:15,021 [InstallerLookupDefault main       INFO ]  component installer not found; it will not be available: org.apache.isis.runtimes.dflt.remoting.marshalling.xstream.server.XStreamOverSocketsViewerInstaller
2011-03-24 19:00:15,042 [IsisConfigurationDefault main       INFO ]  from :[servlet context ('/WEB-INF'), context loader classpath]
2011-03-24 19:00:15,043 [IsisConfigurationBuilderResourceStreams main       INFO ]  'isis.properties' FOUND
2011-03-24 19:00:15,044 [IsisConfigurationBuilderResourceStreams main       INFO ]  'web.properties' not found, but not needed
2011-03-24 19:00:15,044 [IsisConfigurationBuilderResourceStreams main       INFO ]  'server_prototype.properties' not found, but not needed
2011-03-24 19:00:15,045 [IsisConfigurationBuilderResourceStreams main       INFO ]  'web.properties' not found, but not needed
2011-03-24 19:00:15,046 [IsisConfigurationBuilderResourceStreams main       INFO ]  'war.properties' not found, but not needed
2011-03-24 19:00:15,047 [IsisConfigurationBuilderResourceStreams main       INFO ]  'server_prototype.properties' not found, but not needed
2011-03-24 19:00:15,047 [IsisConfigurationBuilderResourceStreams main       INFO ]  'viewer_scimpi.properties' not found, but not needed
2011-03-24 19:00:15,048 [IsisConfigurationDefault main       INFO ]  from :[servlet context ('/WEB-INF'), context loader classpath]
2011-03-24 19:00:15,049 [IsisConfigurationBuilderResourceStreams main       INFO ]  'isis.properties' FOUND
2011-03-24 19:00:15,049 [IsisConfigurationBuilderResourceStreams main       INFO ]  'web.properties' not found, but not needed
2011-03-24 19:00:15,049 [IsisConfigurationBuilderResourceStreams main       INFO ]  'server_prototype.properties' not found, but not needed
2011-03-24 19:00:15,050 [IsisConfigurationBuilderResourceStreams main       INFO ]  'web.properties' not found, but not needed
2011-03-24 19:00:15,050 [IsisConfigurationBuilderResourceStreams main       INFO ]  'war.properties' not found, but not needed
2011-03-24 19:00:15,051 [IsisConfigurationBuilderResourceStreams main       INFO ]  'server_prototype.properties' not found, but not needed
2011-03-24 19:00:15,051 [IsisConfigurationBuilderResourceStreams main       INFO ]  'viewer_scimpi.properties' not found, but not needed
2011-03-24 19:00:15,052 [IsisConfigurationBuilderResourceStreams main       INFO ]  'authentication.properties' not found, but not needed
2011-03-24 19:00:15,052 [IsisConfigurationBuilderResourceStreams main       INFO ]  'authentication_file.properties' not found, but not needed
2011-03-24 19:00:15,052 [IsisConfigurationDefault main       INFO ]  from :[servlet context ('/WEB-INF'), context loader classpath]
2011-03-24 19:00:15,053 [IsisConfigurationBuilderResourceStreams main       INFO ]  'isis.properties' FOUND
2011-03-24 19:00:15,053 [IsisConfigurationBuilderResourceStreams main       INFO ]  'web.properties' not found, but not needed
2011-03-24 19:00:15,054 [IsisConfigurationBuilderResourceStreams main       INFO ]  'server_prototype.properties' not found, but not needed
2011-03-24 19:00:15,054 [IsisConfigurationBuilderResourceStreams main       INFO ]  'web.properties' not found, but not needed
2011-03-24 19:00:15,055 [IsisConfigurationBuilderResourceStreams main       INFO ]  'war.properties' not found, but not needed
2011-03-24 19:00:15,055 [IsisConfigurationBuilderResourceStreams main       INFO ]  'server_prototype.properties' not found, but not needed
2011-03-24 19:00:15,055 [IsisConfigurationBuilderResourceStreams main       INFO ]  'viewer_scimpi.properties' not found, but not needed
2011-03-24 19:00:15,056 [IsisConfigurationBuilderResourceStreams main       INFO ]  'authentication.properties' not found, but not needed
2011-03-24 19:00:15,056 [IsisConfigurationBuilderResourceStreams main       INFO ]  'authentication_file.properties' not found, but not needed
2011-03-24 19:00:15,057 [IsisConfigurationBuilderResourceStreams main       INFO ]  'authorization.properties' not found, but not needed
2011-03-24 19:00:15,057 [IsisConfigurationBuilderResourceStreams main       INFO ]  'authorization_noop.properties' not found, but not needed
2011-03-24 19:00:15,058 [IsisConfigurationDefault main       INFO ]  from :[servlet context ('/WEB-INF'), context loader classpath]
2011-03-24 19:00:15,058 [IsisConfigurationBuilderResourceStreams main       INFO ]  'isis.properties' FOUND
2011-03-24 19:00:15,059 [IsisConfigurationBuilderResourceStreams main       INFO ]  'web.properties' not found, but not needed
2011-03-24 19:00:15,059 [IsisConfigurationBuilderResourceStreams main       INFO ]  'server_prototype.properties' not found, but not needed
2011-03-24 19:00:15,060 [IsisConfigurationBuilderResourceStreams main       INFO ]  'web.properties' not found, but not needed
2011-03-24 19:00:15,060 [IsisConfigurationBuilderResourceStreams main       INFO ]  'war.properties' not found, but not needed
2011-03-24 19:00:15,060 [IsisConfigurationBuilderResourceStreams main       INFO ]  'server_prototype.properties' not found, but not needed
2011-03-24 19:00:15,061 [IsisConfigurationBuilderResourceStreams main       INFO ]  'viewer_scimpi.properties' not found, but not needed
2011-03-24 19:00:15,062 [IsisConfigurationBuilderResourceStreams main       INFO ]  'authentication.properties' not found, but not needed
2011-03-24 19:00:15,063 [IsisConfigurationBuilderResourceStreams main       INFO ]  'authentication_file.properties' not found, but not needed
2011-03-24 19:00:15,064 [IsisConfigurationBuilderResourceStreams main       INFO ]  'authorization.properties' not found, but not needed
2011-03-24 19:00:15,065 [IsisConfigurationBuilderResourceStreams main       INFO ]  'authorization_noop.properties' not found, but not needed
2011-03-24 19:00:15,065 [IsisConfigurationBuilderResourceStreams main       INFO ]  'user-profile-store.properties' not found, but not needed
2011-03-24 19:00:15,066 [IsisConfigurationBuilderResourceStreams main       INFO ]  'user-profile-store_in-memory.properties' not found, but not needed
2011-03-24 19:00:15,067 [IsisSystemAbstract   main       INFO ]  initialising Isis System
2011-03-24 19:00:15,067 [IsisSystemAbstract   main       INFO ]  working directory: D:\SVN\ai\trunk\support\quickstart\viewer-scimpi\.
2011-03-24 19:00:15,067 [IsisConfigurationDefault main       INFO ]  from :[servlet context ('/WEB-INF'), context loader classpath]
2011-03-24 19:00:15,068 [IsisConfigurationBuilderResourceStreams main       INFO ]  'isis.properties' FOUND
2011-03-24 19:00:15,068 [IsisConfigurationBuilderResourceStreams main       INFO ]  'web.properties' not found, but not needed
2011-03-24 19:00:15,069 [IsisConfigurationBuilderResourceStreams main       INFO ]  'server_prototype.properties' not found, but not needed
2011-03-24 19:00:15,070 [IsisConfigurationBuilderResourceStreams main       INFO ]  'web.properties' not found, but not needed
2011-03-24 19:00:15,070 [IsisConfigurationBuilderResourceStreams main       INFO ]  'war.properties' not found, but not needed
2011-03-24 19:00:15,071 [IsisConfigurationBuilderResourceStreams main       INFO ]  'server_prototype.properties' not found, but not needed
2011-03-24 19:00:15,072 [IsisConfigurationBuilderResourceStreams main       INFO ]  'viewer_scimpi.properties' not found, but not needed
2011-03-24 19:00:15,072 [IsisConfigurationBuilderResourceStreams main       INFO ]  'authentication.properties' not found, but not needed
2011-03-24 19:00:15,072 [IsisConfigurationBuilderResourceStreams main       INFO ]  'authentication_file.properties' not found, but not needed
2011-03-24 19:00:15,073 [IsisConfigurationBuilderResourceStreams main       INFO ]  'authorization.properties' not found, but not needed
2011-03-24 19:00:15,073 [IsisConfigurationBuilderResourceStreams main       INFO ]  'authorization_noop.properties' not found, but not needed
2011-03-24 19:00:15,074 [IsisConfigurationBuilderResourceStreams main       INFO ]  'user-profile-store.properties' not found, but not needed
2011-03-24 19:00:15,074 [IsisConfigurationBuilderResourceStreams main       INFO ]  'user-profile-store_in-memory.properties' not found, but not needed
2011-03-24 19:00:15,075 [IsisConfigurationBuilderResourceStreams main       INFO ]  'fixtures-installer.properties' not found, but not needed
2011-03-24 19:00:15,075 [IsisConfigurationBuilderResourceStreams main       INFO ]  'fixtures-installer_configuration.properties' not found, but not needed
2011-03-24 19:00:15,075 [IsisSystemAbstract   main       INFO ]  resource stream source: [servlet context ('/WEB-INF'), context loader classpath]
2011-03-24 19:00:15,080 [IsisConfigurationDefault main       INFO ]  from :[servlet context ('/WEB-INF'), context loader classpath]
2011-03-24 19:00:15,081 [IsisConfigurationBuilderResourceStreams main       INFO ]  'isis.properties' FOUND
2011-03-24 19:00:15,081 [IsisConfigurationBuilderResourceStreams main       INFO ]  'web.properties' not found, but not needed
2011-03-24 19:00:15,082 [IsisConfigurationBuilderResourceStreams main       INFO ]  'server_prototype.properties' not found, but not needed
2011-03-24 19:00:15,082 [IsisConfigurationBuilderResourceStreams main       INFO ]  'web.properties' not found, but not needed
2011-03-24 19:00:15,083 [IsisConfigurationBuilderResourceStreams main       INFO ]  'war.properties' not found, but not needed
2011-03-24 19:00:15,083 [IsisConfigurationBuilderResourceStreams main       INFO ]  'server_prototype.properties' not found, but not needed
2011-03-24 19:00:15,084 [IsisConfigurationBuilderResourceStreams main       INFO ]  'viewer_scimpi.properties' not found, but not needed
2011-03-24 19:00:15,084 [IsisConfigurationBuilderResourceStreams main       INFO ]  'authentication.properties' not found, but not needed
2011-03-24 19:00:15,085 [IsisConfigurationBuilderResourceStreams main       INFO ]  'authentication_file.properties' not found, but not needed
2011-03-24 19:00:15,085 [IsisConfigurationBuilderResourceStreams main       INFO ]  'authorization.properties' not found, but not needed
2011-03-24 19:00:15,086 [IsisConfigurationBuilderResourceStreams main       INFO ]  'authorization_noop.properties' not found, but not needed
2011-03-24 19:00:15,086 [IsisConfigurationBuilderResourceStreams main       INFO ]  'user-profile-store.properties' not found, but not needed
2011-03-24 19:00:15,086 [IsisConfigurationBuilderResourceStreams main       INFO ]  'user-profile-store_in-memory.properties' not found, but not needed
2011-03-24 19:00:15,087 [IsisConfigurationBuilderResourceStreams main       INFO ]  'fixtures-installer.properties' not found, but not needed
2011-03-24 19:00:15,087 [IsisConfigurationBuilderResourceStreams main       INFO ]  'fixtures-installer_configuration.properties' not found, but not needed
2011-03-24 19:00:15,088 [IsisConfigurationBuilderResourceStreams main       INFO ]  'template-image-loader.properties' not found, but not needed
2011-03-24 19:00:15,088 [IsisConfigurationBuilderResourceStreams main       INFO ]  'template-image-loader_awt.properties' not found, but not needed
2011-03-24 19:00:15,104 [TemplateImageLoaderAwt main       INFO ]  images to be loaded from images/
2011-03-24 19:00:15,109 [IsisConfigurationDefault main       INFO ]  from :[servlet context ('/WEB-INF'), context loader classpath]
2011-03-24 19:00:15,109 [IsisConfigurationBuilderResourceStreams main       INFO ]  'isis.properties' FOUND
2011-03-24 19:00:15,110 [IsisConfigurationBuilderResourceStreams main       INFO ]  'web.properties' not found, but not needed
2011-03-24 19:00:15,110 [IsisConfigurationBuilderResourceStreams main       INFO ]  'server_prototype.properties' not found, but not needed
2011-03-24 19:00:15,111 [IsisConfigurationBuilderResourceStreams main       INFO ]  'web.properties' not found, but not needed
2011-03-24 19:00:15,112 [IsisConfigurationBuilderResourceStreams main       INFO ]  'war.properties' not found, but not needed
2011-03-24 19:00:15,117 [IsisConfigurationBuilderResourceStreams main       INFO ]  'server_prototype.properties' not found, but not needed
2011-03-24 19:00:15,118 [IsisConfigurationBuilderResourceStreams main       INFO ]  'viewer_scimpi.properties' not found, but not needed
2011-03-24 19:00:15,119 [IsisConfigurationBuilderResourceStreams main       INFO ]  'authentication.properties' not found, but not needed
2011-03-24 19:00:15,120 [IsisConfigurationBuilderResourceStreams main       INFO ]  'authentication_file.properties' not found, but not needed
2011-03-24 19:00:15,120 [IsisConfigurationBuilderResourceStreams main       INFO ]  'authorization.properties' not found, but not needed
2011-03-24 19:00:15,121 [IsisConfigurationBuilderResourceStreams main       INFO ]  'authorization_noop.properties' not found, but not needed
2011-03-24 19:00:15,122 [IsisConfigurationBuilderResourceStreams main       INFO ]  'user-profile-store.properties' not found, but not needed
2011-03-24 19:00:15,122 [IsisConfigurationBuilderResourceStreams main       INFO ]  'user-profile-store_in-memory.properties' not found, but not needed
2011-03-24 19:00:15,123 [IsisConfigurationBuilderResourceStreams main       INFO ]  'fixtures-installer.properties' not found, but not needed
2011-03-24 19:00:15,123 [IsisConfigurationBuilderResourceStreams main       INFO ]  'fixtures-installer_configuration.properties' not found, but not needed
2011-03-24 19:00:15,125 [IsisConfigurationBuilderResourceStreams main       INFO ]  'template-image-loader.properties' not found, but not needed
2011-03-24 19:00:15,125 [IsisConfigurationBuilderResourceStreams main       INFO ]  'template-image-loader_awt.properties' not found, but not needed
2011-03-24 19:00:15,125 [IsisConfigurationBuilderResourceStreams main       INFO ]  'persistor.properties' not found, but not needed
2011-03-24 19:00:15,126 [IsisConfigurationBuilderResourceStreams main       INFO ]  'persistor_in-memory.properties' not found, but not needed
2011-03-24 19:00:15,141 [IsisConfigurationDefault main       INFO ]  from :[servlet context ('/WEB-INF'), context loader classpath]
2011-03-24 19:00:15,142 [IsisConfigurationBuilderResourceStreams main       INFO ]  'isis.properties' FOUND
2011-03-24 19:00:15,143 [IsisConfigurationBuilderResourceStreams main       INFO ]  'web.properties' not found, but not needed
2011-03-24 19:00:15,143 [IsisConfigurationBuilderResourceStreams main       INFO ]  'server_prototype.properties' not found, but not needed
2011-03-24 19:00:15,144 [IsisConfigurationBuilderResourceStreams main       INFO ]  'web.properties' not found, but not needed
2011-03-24 19:00:15,144 [IsisConfigurationBuilderResourceStreams main       INFO ]  'war.properties' not found, but not needed
2011-03-24 19:00:15,145 [IsisConfigurationBuilderResourceStreams main       INFO ]  'server_prototype.properties' not found, but not needed
2011-03-24 19:00:15,145 [IsisConfigurationBuilderResourceStreams main       INFO ]  'viewer_scimpi.properties' not found, but not needed
2011-03-24 19:00:15,146 [IsisConfigurationBuilderResourceStreams main       INFO ]  'authentication.properties' not found, but not needed
2011-03-24 19:00:15,146 [IsisConfigurationBuilderResourceStreams main       INFO ]  'authentication_file.properties' not found, but not needed
2011-03-24 19:00:15,147 [IsisConfigurationBuilderResourceStreams main       INFO ]  'authorization.properties' not found, but not needed
2011-03-24 19:00:15,147 [IsisConfigurationBuilderResourceStreams main       INFO ]  'authorization_noop.properties' not found, but not needed
2011-03-24 19:00:15,148 [IsisConfigurationBuilderResourceStreams main       INFO ]  'user-profile-store.properties' not found, but not needed
2011-03-24 19:00:15,148 [IsisConfigurationBuilderResourceStreams main       INFO ]  'user-profile-store_in-memory.properties' not found, but not needed
2011-03-24 19:00:15,149 [IsisConfigurationBuilderResourceStreams main       INFO ]  'fixtures-installer.properties' not found, but not needed
2011-03-24 19:00:15,150 [IsisConfigurationBuilderResourceStreams main       INFO ]  'fixtures-installer_configuration.properties' not found, but not needed
2011-03-24 19:00:15,150 [IsisConfigurationBuilderResourceStreams main       INFO ]  'template-image-loader.properties' not found, but not needed
2011-03-24 19:00:15,151 [IsisConfigurationBuilderResourceStreams main       INFO ]  'template-image-loader_awt.properties' not found, but not needed
2011-03-24 19:00:15,151 [IsisConfigurationBuilderResourceStreams main       INFO ]  'persistor.properties' not found, but not needed
2011-03-24 19:00:15,152 [IsisConfigurationBuilderResourceStreams main       INFO ]  'persistor_in-memory.properties' not found, but not needed
2011-03-24 19:00:15,152 [IsisConfigurationBuilderResourceStreams main       INFO ]  'template-image-loader.properties' not found, but not needed
2011-03-24 19:00:15,153 [IsisConfigurationBuilderResourceStreams main       INFO ]  'template-image-loader_awt.properties' not found, but not needed
2011-03-24 19:00:15,153 [IsisConfigurationDefault main       INFO ]  from :[servlet context ('/WEB-INF'), context loader classpath]
2011-03-24 19:00:15,154 [IsisConfigurationBuilderResourceStreams main       INFO ]  'isis.properties' FOUND
2011-03-24 19:00:15,155 [IsisConfigurationBuilderResourceStreams main       INFO ]  'web.properties' not found, but not needed
2011-03-24 19:00:15,155 [IsisConfigurationBuilderResourceStreams main       INFO ]  'server_prototype.properties' not found, but not needed
2011-03-24 19:00:15,156 [IsisConfigurationBuilderResourceStreams main       INFO ]  'web.properties' not found, but not needed
2011-03-24 19:00:15,156 [IsisConfigurationBuilderResourceStreams main       INFO ]  'war.properties' not found, but not needed
2011-03-24 19:00:15,157 [IsisConfigurationBuilderResourceStreams main       INFO ]  'server_prototype.properties' not found, but not needed
2011-03-24 19:00:15,157 [IsisConfigurationBuilderResourceStreams main       INFO ]  'viewer_scimpi.properties' not found, but not needed
2011-03-24 19:00:15,158 [IsisConfigurationBuilderResourceStreams main       INFO ]  'authentication.properties' not found, but not needed
2011-03-24 19:00:15,158 [IsisConfigurationBuilderResourceStreams main       INFO ]  'authentication_file.properties' not found, but not needed
2011-03-24 19:00:15,159 [IsisConfigurationBuilderResourceStreams main       INFO ]  'authorization.properties' not found, but not needed
2011-03-24 19:00:15,159 [IsisConfigurationBuilderResourceStreams main       INFO ]  'authorization_noop.properties' not found, but not needed
2011-03-24 19:00:15,160 [IsisConfigurationBuilderResourceStreams main       INFO ]  'user-profile-store.properties' not found, but not needed
2011-03-24 19:00:15,160 [IsisConfigurationBuilderResourceStreams main       INFO ]  'user-profile-store_in-memory.properties' not found, but not needed
2011-03-24 19:00:15,161 [IsisConfigurationBuilderResourceStreams main       INFO ]  'fixtures-installer.properties' not found, but not needed
2011-03-24 19:00:15,161 [IsisConfigurationBuilderResourceStreams main       INFO ]  'fixtures-installer_configuration.properties' not found, but not needed
2011-03-24 19:00:15,162 [IsisConfigurationBuilderResourceStreams main       INFO ]  'template-image-loader.properties' not found, but not needed
2011-03-24 19:00:15,163 [IsisConfigurationBuilderResourceStreams main       INFO ]  'template-image-loader_awt.properties' not found, but not needed
2011-03-24 19:00:15,163 [IsisConfigurationBuilderResourceStreams main       INFO ]  'persistor.properties' not found, but not needed
2011-03-24 19:00:15,164 [IsisConfigurationBuilderResourceStreams main       INFO ]  'persistor_in-memory.properties' not found, but not needed
2011-03-24 19:00:15,164 [IsisConfigurationBuilderResourceStreams main       INFO ]  'template-image-loader.properties' not found, but not needed
2011-03-24 19:00:15,165 [IsisConfigurationBuilderResourceStreams main       INFO ]  'template-image-loader_awt.properties' not found, but not needed
2011-03-24 19:00:15,165 [IsisConfigurationBuilderResourceStreams main       INFO ]  'reflector.properties' not found, but not needed
2011-03-24 19:00:15,166 [IsisConfigurationBuilderResourceStreams main       INFO ]  'reflector_java.properties' not found, but not needed
2011-03-24 19:00:15,166 [IsisConfigurationBuilderResourceStreams main       INFO ]  'facet-decorator.properties' not found, but not needed
2011-03-24 19:00:15,167 [IsisConfigurationBuilderResourceStreams main       INFO ]  'facet-decorator_transaction.properties' not found, but not needed
2011-03-24 19:00:15,282 [ServicesFromConfiguration main       INFO ]  installing org.apache.isis.runtimes.dflt.runtime.persistence.services.config.ServicesFromConfiguration
2011-03-24 19:00:15,283 [IsisConfigurationDefault main       INFO ]  from :[servlet context ('/WEB-INF'), context loader classpath]
2011-03-24 19:00:15,283 [IsisConfigurationBuilderResourceStreams main       INFO ]  'isis.properties' FOUND
2011-03-24 19:00:15,284 [IsisConfigurationBuilderResourceStreams main       INFO ]  'web.properties' not found, but not needed
2011-03-24 19:00:15,284 [IsisConfigurationBuilderResourceStreams main       INFO ]  'server_prototype.properties' not found, but not needed
2011-03-24 19:00:15,284 [IsisConfigurationBuilderResourceStreams main       INFO ]  'web.properties' not found, but not needed
2011-03-24 19:00:15,285 [IsisConfigurationBuilderResourceStreams main       INFO ]  'war.properties' not found, but not needed
2011-03-24 19:00:15,285 [IsisConfigurationBuilderResourceStreams main       INFO ]  'server_prototype.properties' not found, but not needed
2011-03-24 19:00:15,285 [IsisConfigurationBuilderResourceStreams main       INFO ]  'viewer_scimpi.properties' not found, but not needed
2011-03-24 19:00:15,286 [IsisConfigurationBuilderResourceStreams main       INFO ]  'authentication.properties' not found, but not needed
2011-03-24 19:00:15,286 [IsisConfigurationBuilderResourceStreams main       INFO ]  'authentication_file.properties' not found, but not needed
2011-03-24 19:00:15,287 [IsisConfigurationBuilderResourceStreams main       INFO ]  'authorization.properties' not found, but not needed
2011-03-24 19:00:15,287 [IsisConfigurationBuilderResourceStreams main       INFO ]  'authorization_noop.properties' not found, but not needed
2011-03-24 19:00:15,287 [IsisConfigurationBuilderResourceStreams main       INFO ]  'user-profile-store.properties' not found, but not needed
2011-03-24 19:00:15,288 [IsisConfigurationBuilderResourceStreams main       INFO ]  'user-profile-store_in-memory.properties' not found, but not needed
2011-03-24 19:00:15,288 [IsisConfigurationBuilderResourceStreams main       INFO ]  'fixtures-installer.properties' not found, but not needed
2011-03-24 19:00:15,289 [IsisConfigurationBuilderResourceStreams main       INFO ]  'fixtures-installer_configuration.properties' not found, but not needed
2011-03-24 19:00:15,289 [IsisConfigurationBuilderResourceStreams main       INFO ]  'template-image-loader.properties' not found, but not needed
2011-03-24 19:00:15,290 [IsisConfigurationBuilderResourceStreams main       INFO ]  'template-image-loader_awt.properties' not found, but not needed
2011-03-24 19:00:15,290 [IsisConfigurationBuilderResourceStreams main       INFO ]  'persistor.properties' not found, but not needed
2011-03-24 19:00:15,290 [IsisConfigurationBuilderResourceStreams main       INFO ]  'persistor_in-memory.properties' not found, but not needed
2011-03-24 19:00:15,291 [IsisConfigurationBuilderResourceStreams main       INFO ]  'template-image-loader.properties' not found, but not needed
2011-03-24 19:00:15,291 [IsisConfigurationBuilderResourceStreams main       INFO ]  'template-image-loader_awt.properties' not found, but not needed
2011-03-24 19:00:15,291 [IsisConfigurationBuilderResourceStreams main       INFO ]  'reflector.properties' not found, but not needed
2011-03-24 19:00:15,292 [IsisConfigurationBuilderResourceStreams main       INFO ]  'reflector_java.properties' not found, but not needed
2011-03-24 19:00:15,292 [IsisConfigurationBuilderResourceStreams main       INFO ]  'facet-decorator.properties' not found, but not needed
2011-03-24 19:00:15,292 [IsisConfigurationBuilderResourceStreams main       INFO ]  'facet-decorator_transaction.properties' not found, but not needed
2011-03-24 19:00:15,293 [IsisConfigurationBuilderResourceStreams main       INFO ]  'services-installer.properties' not found, but not needed
2011-03-24 19:00:15,293 [IsisConfigurationBuilderResourceStreams main       INFO ]  'services-installer_configuration.properties' not found, but not needed
2011-03-24 19:00:15,293 [ServicesFromConfiguration main       INFO ]  creating service todo.ToDoItemRepositoryDefault
2011-03-24 19:00:15,316 [TemplateImageLoaderAwt main       INFO ]  images to be loaded from images/
2011-03-24 19:00:15,432 [FacetedMethodsBuilder main       INFO ]  introspecting objstore.dflt.todo.ToDoItemRepositoryDefault
2011-03-24 19:00:15,476 [FacetedMethodsBuilder main       INFO ]  introspecting org.apache.isis.applib.AbstractFactoryAndRepository
2011-03-24 19:00:15,478 [FacetedMethodsBuilder main       INFO ]  introspecting org.apache.isis.applib.AbstractService
2011-03-24 19:00:15,478 [FacetedMethodsBuilder main       INFO ]  introspecting org.apache.isis.applib.AbstractContainedObject
2011-03-24 19:00:15,479 [FacetedMethodsBuilder main       INFO ]  introspecting java.lang.Object
2011-03-24 19:00:15,486 [FacetedMethodsBuilder main       INFO ]  introspecting java.lang.String
2011-03-24 19:00:15,531 [FacetedMethodsBuilder main       INFO ]  introspecting dom.todo.ToDoItemRepository
2011-03-24 19:00:15,533 [FacetedMethodsBuilder main       INFO ]  introspecting java.util.List
2011-03-24 19:00:15,539 [FacetedMethodsBuilder main       INFO ]  introspecting dom.todo.ToDoItem
2011-03-24 19:00:15,544 [FacetedMethodsBuilder main       INFO ]  introspecting org.apache.isis.applib.AbstractDomainObject
2011-03-24 19:00:15,545 [FacetedMethodsBuilder main       INFO ]  introspecting boolean
2011-03-24 19:00:15,558 [FacetedMethodsBuilder main       INFO ]  introspecting void
2011-03-24 19:00:15,601 [PersistenceMechanismInstallerAbstract main       INFO ]  installing org.apache.isis.runtimes.dflt.objectstores.dflt.InMemoryPersistenceMechanismInstaller
2011-03-24 19:00:15,617 [IsisConfigurationDefault main       INFO ]  from :[servlet context ('/WEB-INF'), context loader classpath]
2011-03-24 19:00:15,624 [InMemoryObjectStore  main       INFO ]  creating memory object store
2011-03-24 19:00:15,632 [UserProfile          main       INFO ]  creating exploration UserProfile for initialisation
2011-03-24 19:00:15,634 [IsisContextThreadLocal main       INFO ]    opening session IsisSessionDefault@7fb6634c[context=#1initialisation,authenticationSession=InitialisationSession@1f315415[name=initialisation,code=],persistenceSession=PersistenceSessionObjectStore@5f873eb2[objectStore=In-Memory Object Store,persistAlgorithm=Simple Bottom Up Persistence Walker],transaction=null] (count 0) for initialisation
2011-03-24 19:00:15,634 [IsisContextThreadLocal main       INFO ]    saving session IsisSessionDefault@7fb6634c[context=#1initialisation,authenticationSession=InitialisationSession@1f315415[name=initialisation,code=],persistenceSession=PersistenceSessionObjectStore@5f873eb2[objectStore=In-Memory Object Store,persistAlgorithm=Simple Bottom Up Persistence Walker],transaction=null]; now have 1 sessions
2011-03-24 19:00:15,647 [ObjectStoreTransactionManager main       INFO ]  startTransaction: level 0->1 (no transaction in progress or was previously completed; transaction created)
2011-03-24 19:00:15,667 [ObjectStoreTransactionManager main       INFO ]  endTransaction: level 1->0
2011-03-24 19:00:15,667 [ObjectStoreTransactionManager main       INFO ]  endTransaction: committing
2011-03-24 19:00:15,668 [IsisTransactionAbstract main       INFO ]  commit transaction ObjectStoreTransaction@37b82d69[state=IN_PROGRESS,commands=0]
2011-03-24 19:00:15,668 [FixturesFromConfiguration main       INFO ]    adding fixture fixture.LogonAsSvenFixture
2011-03-24 19:00:15,671 [FixturesFromConfiguration main       INFO ]    adding fixture fixture.todo.ToDoItemsFixture
2011-03-24 19:00:15,673 [FixturesInstallerDelegate main       INFO ]  installing fixture: LogonFixture [user: sven, roles: []]
2011-03-24 19:00:15,674 [ObjectStoreTransactionManager main       INFO ]  startTransaction: level 0->1 (no transaction in progress or was previously completed; transaction created)
2011-03-24 19:00:15,674 [FixturesInstallerDelegate main       WARN ]  Already specified logon fixture, using latest provided
2011-03-24 19:00:15,674 [ObjectStoreTransactionManager main       INFO ]  endTransaction: level 1->0
2011-03-24 19:00:15,674 [ObjectStoreTransactionManager main       INFO ]  endTransaction: committing
2011-03-24 19:00:15,674 [IsisTransactionAbstract main       INFO ]  commit transaction ObjectStoreTransaction@5898bbf6[state=IN_PROGRESS,commands=0]
2011-03-24 19:00:15,674 [FixturesInstallerDelegate main       INFO ]  fixture installed
2011-03-24 19:00:15,675 [FixturesInstallerDelegate main       INFO ]  installing fixture: fixture.todo.ToDoItemsFixture@135c40eb
2011-03-24 19:00:15,675 [ObjectStoreTransactionManager main       INFO ]  startTransaction: level 0->1 (no transaction in progress or was previously completed; transaction created)
2011-03-24 19:00:15,832 [FacetedMethodsBuilder main       INFO ]  introspecting java.lang.Boolean
2011-03-24 19:00:15,849 [DefaultPersistAlgorithm main       INFO ]  make persistent PojoAdapter@48a826da[T~~~:TOID#-8000000000000000,specification=ToDoItem,version=null,pojo-toString=dom.todo.ToDoItem$$EnhancerByCGLIB$$b37d8d5f@3cee6ad6,pojo-hash=#3cee6ad6]
2011-03-24 19:00:15,853 [DefaultPersistAlgorithm main       INFO ]  make persistent PojoAdapter@609a18a0[T~~~:TOID#7FFFFFFFFFFFFFFF,specification=ToDoItem,version=null,pojo-toString=dom.todo.ToDoItem$$EnhancerByCGLIB$$b37d8d5f@2200c550,pojo-hash=#2200c550]
2011-03-24 19:00:15,854 [DefaultPersistAlgorithm main       INFO ]  make persistent PojoAdapter@67de007d[T~~~:TOID#7FFFFFFFFFFFFFFE,specification=ToDoItem,version=null,pojo-toString=dom.todo.ToDoItem$$EnhancerByCGLIB$$b37d8d5f@4e8890da,pojo-hash=#4e8890da]
2011-03-24 19:00:15,856 [DefaultPersistAlgorithm main       INFO ]  make persistent PojoAdapter@4c767286[T~~~:TOID#7FFFFFFFFFFFFFFD,specification=ToDoItem,version=null,pojo-toString=dom.todo.ToDoItem$$EnhancerByCGLIB$$b37d8d5f@3b58f1fa,pojo-hash=#3b58f1fa]
2011-03-24 19:00:15,858 [DefaultPersistAlgorithm main       INFO ]  make persistent PojoAdapter@1f195fc[T~~~:TOID#7FFFFFFFFFFFFFFC,specification=ToDoItem,version=null,pojo-toString=dom.todo.ToDoItem$$EnhancerByCGLIB$$b37d8d5f@2c6691da,pojo-hash=#2c6691da]
2011-03-24 19:00:15,858 [ObjectStoreTransactionManager main       INFO ]  endTransaction: level 1->0
2011-03-24 19:00:15,858 [ObjectStoreTransactionManager main       INFO ]  endTransaction: committing
2011-03-24 19:00:15,858 [IsisTransactionAbstract main       INFO ]  commit transaction ObjectStoreTransaction@2f296d1d[state=IN_PROGRESS,commands=5]
2011-03-24 19:00:15,859 [InMemoryObjectStore  main       INFO ]  execute commands
2011-03-24 19:00:15,862 [InMemoryObjectStore  main       INFO ]  end execution
2011-03-24 19:00:15,863 [FixturesInstallerDelegate main       INFO ]  fixture installed
2011-03-24 19:00:15,863 [PersistenceSessionAbstract main       INFO ]  closing PersistenceSessionObjectStore@5f873eb2[objectStore=In-Memory Object Store,persistAlgorithm=Simple Bottom Up Persistence Walker]
2011-03-24 19:00:15,864 [IsisWebAppBootstrapper main       INFO ]  server started
2011-03-24 19:00:15,889 [PojoAdapterHashMap   Finalizer  INFO ]  finalizing hash of pojos
2011-03-24 19:00:15,889 [PersistenceSessionObjectStore Finalizer  INFO ]  finalizing object manager
2011-03-24 19:00:15,898 [ImageLookup          main       INFO ]  image directory set to: /images/
2011-03-24 19:00:26,463 [DispatcherServlet    1313946977@qtp-808992869-0 INFO ]  get  /index.shtml  null
2011-03-24 19:00:26,469 [Dispatcher           1313946977@qtp-808992869-0 INFO ]  processing request /index.shtml
2011-03-24 19:00:26,469 [UserManager          1313946977@qtp-808992869-0 INFO ]  start anonymous request: UserlessSession@439ce47a[name=__web_default,code=]
2011-03-24 19:00:26,469 [PersistenceMechanismInstallerAbstract 1313946977@qtp-808992869-0 INFO ]  installing org.apache.isis.runtimes.dflt.objectstores.dflt.InMemoryPersistenceMechanismInstaller
2011-03-24 19:00:26,470 [IsisConfigurationDefault 1313946977@qtp-808992869-0 INFO ]  from :[servlet context ('/WEB-INF'), context loader classpath]
2011-03-24 19:00:26,470 [InMemoryObjectStore  1313946977@qtp-808992869-0 INFO ]  creating memory object store
2011-03-24 19:00:26,471 [UserProfile          1313946977@qtp-808992869-0 INFO ]  creating exploration UserProfile for __web_default
2011-03-24 19:00:26,471 [IsisContextThreadLocal 1313946977@qtp-808992869-0 INFO ]    opening session IsisSessionDefault@715c2843[context=#2__web_default,authenticationSession=UserlessSession@439ce47a[name=__web_default,code=],persistenceSession=PersistenceSessionObjectStore@595780d9[objectStore=In-Memory Object Store,persistAlgorithm=Simple Bottom Up Persistence Walker],transaction=null] (count 0) for __web_default
2011-03-24 19:00:26,471 [IsisContextThreadLocal 1313946977@qtp-808992869-0 INFO ]    saving session IsisSessionDefault@715c2843[context=#2__web_default,authenticationSession=UserlessSession@439ce47a[name=__web_default,code=],persistenceSession=PersistenceSessionObjectStore@595780d9[objectStore=In-Memory Object Store,persistAlgorithm=Simple Bottom Up Persistence Walker],transaction=null]; now have 1 sessions
2011-03-24 19:00:26,472 [ObjectStoreTransactionManager 1313946977@qtp-808992869-0 INFO ]  startTransaction: level 0->1 (no transaction in progress or was previously completed; transaction created)
2011-03-24 19:00:26,472 [ObjectStoreTransactionManager 1313946977@qtp-808992869-0 INFO ]  endTransaction: level 1->0
2011-03-24 19:00:26,472 [ObjectStoreTransactionManager 1313946977@qtp-808992869-0 INFO ]  endTransaction: committing
2011-03-24 19:00:26,472 [IsisTransactionAbstract 1313946977@qtp-808992869-0 INFO ]  commit transaction ObjectStoreTransaction@9be1041[state=IN_PROGRESS,commands=0]
2011-03-24 19:00:26,472 [ObjectStoreTransactionManager 1313946977@qtp-808992869-0 INFO ]  startTransaction: level 0->1 (no transaction in progress or was previously completed; transaction created)
2011-03-24 19:00:26,473 [IsisTransactionAbstract 1313946977@qtp-808992869-0 INFO ]  flush transaction ObjectStoreTransaction@1d1d2066[state=IN_PROGRESS,commands=0]
2011-03-24 19:00:26,515 [ObjectStoreTransactionManager 1313946977@qtp-808992869-0 INFO ]  endTransaction: level 1->0
2011-03-24 19:00:26,515 [ObjectStoreTransactionManager 1313946977@qtp-808992869-0 INFO ]  endTransaction: committing
2011-03-24 19:00:26,515 [IsisTransactionAbstract 1313946977@qtp-808992869-0 INFO ]  commit transaction ObjectStoreTransaction@1d1d2066[state=IN_PROGRESS,commands=0]
2011-03-24 19:00:26,516 [UserManager          1313946977@qtp-808992869-0 INFO ]  end anonymous request
2011-03-24 19:00:26,516 [PersistenceSessionAbstract 1313946977@qtp-808992869-0 INFO ]  closing PersistenceSessionObjectStore@595780d9[objectStore=In-Memory Object Store,persistAlgorithm=Simple Bottom Up Persistence Walker]
2011-03-24 19:00:26,516 [UserManager          1313946977@qtp-808992869-0 INFO ]  end anonymous request
2011-03-24 19:00:29,719 [DispatcherServlet    891929669@qtp-808992869-2 INFO ]  post /action.app  null
2011-03-24 19:00:29,728 [Dispatcher           891929669@qtp-808992869-2 INFO ]  processing request /action.app
2011-03-24 19:00:29,728 [UserManager          891929669@qtp-808992869-2 INFO ]  start anonymous request: UserlessSession@1b275a34[name=__web_default,code=]
2011-03-24 19:00:29,729 [PersistenceMechanismInstallerAbstract 891929669@qtp-808992869-2 INFO ]  installing org.apache.isis.runtimes.dflt.objectstores.dflt.InMemoryPersistenceMechanismInstaller
2011-03-24 19:00:29,729 [IsisConfigurationDefault 891929669@qtp-808992869-2 INFO ]  from :[servlet context ('/WEB-INF'), context loader classpath]
2011-03-24 19:00:29,730 [InMemoryObjectStore  891929669@qtp-808992869-2 INFO ]  creating memory object store
2011-03-24 19:00:29,730 [UserProfile          891929669@qtp-808992869-2 INFO ]  creating exploration UserProfile for __web_default
2011-03-24 19:00:29,730 [IsisContextThreadLocal 891929669@qtp-808992869-2 INFO ]    opening session IsisSessionDefault@349319d9[context=#3__web_default,authenticationSession=UserlessSession@1b275a34[name=__web_default,code=],persistenceSession=PersistenceSessionObjectStore@25861086[objectStore=In-Memory Object Store,persistAlgorithm=Simple Bottom Up Persistence Walker],transaction=null] (count 0) for __web_default
2011-03-24 19:00:29,730 [IsisContextThreadLocal 891929669@qtp-808992869-2 INFO ]    saving session IsisSessionDefault@349319d9[context=#3__web_default,authenticationSession=UserlessSession@1b275a34[name=__web_default,code=],persistenceSession=PersistenceSessionObjectStore@25861086[objectStore=In-Memory Object Store,persistAlgorithm=Simple Bottom Up Persistence Walker],transaction=null]; now have 1 sessions
2011-03-24 19:00:29,732 [ObjectStoreTransactionManager 891929669@qtp-808992869-2 INFO ]  startTransaction: level 0->1 (no transaction in progress or was previously completed; transaction created)
2011-03-24 19:00:29,732 [ObjectStoreTransactionManager 891929669@qtp-808992869-2 INFO ]  endTransaction: level 1->0
2011-03-24 19:00:29,732 [ObjectStoreTransactionManager 891929669@qtp-808992869-2 INFO ]  endTransaction: committing
2011-03-24 19:00:29,732 [IsisTransactionAbstract 891929669@qtp-808992869-2 INFO ]  commit transaction ObjectStoreTransaction@7eaa2ef2[state=IN_PROGRESS,commands=0]
2011-03-24 19:00:29,732 [ObjectStoreTransactionManager 891929669@qtp-808992869-2 INFO ]  startTransaction: level 0->1 (no transaction in progress or was previously completed; transaction created)
2011-03-24 19:00:29,743 [PersistenceSessionAbstract 891929669@qtp-808992869-2 INFO ]  createPersistenceQueryFor: dom.todo.ToDoItem (all instances)
2011-03-24 19:00:29,746 [PersistenceSessionObjectStore 891929669@qtp-808992869-2 INFO ]  getInstances matching PersistenceQueryFindAllInstances[spec=ToDoItem]
2011-03-24 19:00:29,756 [FacetedMethodsBuilder 891929669@qtp-808992869-2 INFO ]  introspecting java.util.ArrayList
2011-03-24 19:00:29,761 [FacetedMethodsBuilder 891929669@qtp-808992869-2 INFO ]  introspecting java.util.AbstractList
2011-03-24 19:00:29,764 [FacetedMethodsBuilder 891929669@qtp-808992869-2 INFO ]  introspecting java.util.AbstractCollection
2011-03-24 19:00:29,780 [IsisTransactionAbstract 891929669@qtp-808992869-2 INFO ]  flush transaction ObjectStoreTransaction@294ce5eb[state=IN_PROGRESS,commands=0]
2011-03-24 19:00:29,790 [ObjectStoreTransactionManager 891929669@qtp-808992869-2 INFO ]  endTransaction: level 1->0
2011-03-24 19:00:29,790 [ObjectStoreTransactionManager 891929669@qtp-808992869-2 INFO ]  endTransaction: committing
2011-03-24 19:00:29,790 [IsisTransactionAbstract 891929669@qtp-808992869-2 INFO ]  commit transaction ObjectStoreTransaction@294ce5eb[state=IN_PROGRESS,commands=0]
2011-03-24 19:00:29,791 [UserManager          891929669@qtp-808992869-2 INFO ]  end anonymous request
2011-03-24 19:00:29,791 [PersistenceSessionAbstract 891929669@qtp-808992869-2 INFO ]  closing PersistenceSessionObjectStore@25861086[objectStore=In-Memory Object Store,persistAlgorithm=Simple Bottom Up Persistence Walker]
2011-03-24 19:00:29,791 [UserManager          891929669@qtp-808992869-2 INFO ]  end anonymous request
2011-03-24 19:00:31,197 [DispatcherServlet    891929669@qtp-808992869-2 INFO ]  get  /_generic_action.shtml  _result=Pobjstore.dflt.todo.ToDoItemRepositoryDefault@1&version=&method=newToDo
2011-03-24 19:00:31,197 [Dispatcher           891929669@qtp-808992869-2 INFO ]  processing request /_generic_action.shtml
2011-03-24 19:00:31,198 [UserManager          891929669@qtp-808992869-2 INFO ]  start anonymous request: UserlessSession@39757337[name=__web_default,code=]
2011-03-24 19:00:31,198 [PersistenceMechanismInstallerAbstract 891929669@qtp-808992869-2 INFO ]  installing org.apache.isis.runtimes.dflt.objectstores.dflt.InMemoryPersistenceMechanismInstaller
2011-03-24 19:00:31,198 [IsisConfigurationDefault 891929669@qtp-808992869-2 INFO ]  from :[servlet context ('/WEB-INF'), context loader classpath]
2011-03-24 19:00:31,199 [InMemoryObjectStore  891929669@qtp-808992869-2 INFO ]  creating memory object store
2011-03-24 19:00:31,200 [UserProfile          891929669@qtp-808992869-2 INFO ]  creating exploration UserProfile for __web_default
2011-03-24 19:00:31,200 [IsisContextThreadLocal 891929669@qtp-808992869-2 INFO ]    opening session IsisSessionDefault@4ddf3d59[context=#4__web_default,authenticationSession=UserlessSession@39757337[name=__web_default,code=],persistenceSession=PersistenceSessionObjectStore@7b34c5ff[objectStore=In-Memory Object Store,persistAlgorithm=Simple Bottom Up Persistence Walker],transaction=null] (count 0) for __web_default
2011-03-24 19:00:31,200 [IsisContextThreadLocal 891929669@qtp-808992869-2 INFO ]    saving session IsisSessionDefault@4ddf3d59[context=#4__web_default,authenticationSession=UserlessSession@39757337[name=__web_default,code=],persistenceSession=PersistenceSessionObjectStore@7b34c5ff[objectStore=In-Memory Object Store,persistAlgorithm=Simple Bottom Up Persistence Walker],transaction=null]; now have 1 sessions
2011-03-24 19:00:31,202 [ObjectStoreTransactionManager 891929669@qtp-808992869-2 INFO ]  startTransaction: level 0->1 (no transaction in progress or was previously completed; transaction created)
2011-03-24 19:00:31,202 [ObjectStoreTransactionManager 891929669@qtp-808992869-2 INFO ]  endTransaction: level 1->0
2011-03-24 19:00:31,203 [ObjectStoreTransactionManager 891929669@qtp-808992869-2 INFO ]  endTransaction: committing
2011-03-24 19:00:31,203 [IsisTransactionAbstract 891929669@qtp-808992869-2 INFO ]  commit transaction ObjectStoreTransaction@182153fe[state=IN_PROGRESS,commands=0]
2011-03-24 19:00:31,203 [ObjectStoreTransactionManager 891929669@qtp-808992869-2 INFO ]  startTransaction: level 0->1 (no transaction in progress or was previously completed; transaction created)
2011-03-24 19:00:31,203 [IsisTransactionAbstract 891929669@qtp-808992869-2 INFO ]  flush transaction ObjectStoreTransaction@34115512[state=IN_PROGRESS,commands=0]
2011-03-24 19:00:31,222 [ObjectStoreTransactionManager 891929669@qtp-808992869-2 INFO ]  endTransaction: level 1->0
2011-03-24 19:00:31,222 [ObjectStoreTransactionManager 891929669@qtp-808992869-2 INFO ]  endTransaction: committing
2011-03-24 19:00:31,222 [IsisTransactionAbstract 891929669@qtp-808992869-2 INFO ]  commit transaction ObjectStoreTransaction@34115512[state=IN_PROGRESS,commands=0]
2011-03-24 19:00:31,223 [UserManager          891929669@qtp-808992869-2 INFO ]  end anonymous request
2011-03-24 19:00:31,223 [PersistenceSessionAbstract 891929669@qtp-808992869-2 INFO ]  closing PersistenceSessionObjectStore@7b34c5ff[objectStore=In-Memory Object Store,persistAlgorithm=Simple Bottom Up Persistence Walker]
2011-03-24 19:00:31,223 [UserManager          891929669@qtp-808992869-2 INFO ]  end anonymous request
2011-03-24 19:00:34,080 [DispatcherServlet    891929669@qtp-808992869-2 INFO ]  post /action.app  null
2011-03-24 19:00:34,081 [Dispatcher           891929669@qtp-808992869-2 INFO ]  processing request /action.app
2011-03-24 19:00:34,081 [UserManager          891929669@qtp-808992869-2 INFO ]  start anonymous request: UserlessSession@4d74f02c[name=__web_default,code=]
2011-03-24 19:00:34,082 [PersistenceMechanismInstallerAbstract 891929669@qtp-808992869-2 INFO ]  installing org.apache.isis.runtimes.dflt.objectstores.dflt.InMemoryPersistenceMechanismInstaller
2011-03-24 19:00:34,082 [IsisConfigurationDefault 891929669@qtp-808992869-2 INFO ]  from :[servlet context ('/WEB-INF'), context loader classpath]
2011-03-24 19:00:34,083 [InMemoryObjectStore  891929669@qtp-808992869-2 INFO ]  creating memory object store
2011-03-24 19:00:34,083 [UserProfile          891929669@qtp-808992869-2 INFO ]  creating exploration UserProfile for __web_default
2011-03-24 19:00:34,084 [IsisContextThreadLocal 891929669@qtp-808992869-2 INFO ]    opening session IsisSessionDefault@3844006e[context=#5__web_default,authenticationSession=UserlessSession@4d74f02c[name=__web_default,code=],persistenceSession=PersistenceSessionObjectStore@7878529d[objectStore=In-Memory Object Store,persistAlgorithm=Simple Bottom Up Persistence Walker],transaction=null] (count 0) for __web_default
2011-03-24 19:00:34,084 [IsisContextThreadLocal 891929669@qtp-808992869-2 INFO ]    saving session IsisSessionDefault@3844006e[context=#5__web_default,authenticationSession=UserlessSession@4d74f02c[name=__web_default,code=],persistenceSession=PersistenceSessionObjectStore@7878529d[objectStore=In-Memory Object Store,persistAlgorithm=Simple Bottom Up Persistence Walker],transaction=null]; now have 1 sessions
2011-03-24 19:00:34,086 [ObjectStoreTransactionManager 891929669@qtp-808992869-2 INFO ]  startTransaction: level 0->1 (no transaction in progress or was previously completed; transaction created)
2011-03-24 19:00:34,087 [ObjectStoreTransactionManager 891929669@qtp-808992869-2 INFO ]  endTransaction: level 1->0
2011-03-24 19:00:34,087 [ObjectStoreTransactionManager 891929669@qtp-808992869-2 INFO ]  endTransaction: committing
2011-03-24 19:00:34,087 [IsisTransactionAbstract 891929669@qtp-808992869-2 INFO ]  commit transaction ObjectStoreTransaction@3414a97b[state=IN_PROGRESS,commands=0]
2011-03-24 19:00:34,087 [ObjectStoreTransactionManager 891929669@qtp-808992869-2 INFO ]  startTransaction: level 0->1 (no transaction in progress or was previously completed; transaction created)
2011-03-24 19:00:34,088 [PersistenceSessionAbstract 891929669@qtp-808992869-2 INFO ]  createPersistenceQueryFor: dom.todo.ToDoItem (all instances)
2011-03-24 19:00:34,089 [PersistenceSessionObjectStore 891929669@qtp-808992869-2 INFO ]  getInstances matching PersistenceQueryFindAllInstances[spec=ToDoItem]
2011-03-24 19:00:34,091 [IsisTransactionAbstract 891929669@qtp-808992869-2 INFO ]  flush transaction ObjectStoreTransaction@6fef3212[state=IN_PROGRESS,commands=0]
2011-03-24 19:00:34,102 [ObjectStoreTransactionManager 891929669@qtp-808992869-2 INFO ]  endTransaction: level 1->0
2011-03-24 19:00:34,102 [ObjectStoreTransactionManager 891929669@qtp-808992869-2 INFO ]  endTransaction: committing
2011-03-24 19:00:34,103 [IsisTransactionAbstract 891929669@qtp-808992869-2 INFO ]  commit transaction ObjectStoreTransaction@6fef3212[state=IN_PROGRESS,commands=0]
2011-03-24 19:00:34,104 [UserManager          891929669@qtp-808992869-2 INFO ]  end anonymous request
2011-03-24 19:00:34,104 [PersistenceSessionAbstract 891929669@qtp-808992869-2 INFO ]  closing PersistenceSessionObjectStore@7878529d[objectStore=In-Memory Object Store,persistAlgorithm=Simple Bottom Up Persistence Walker]
2011-03-24 19:00:34,104 [UserManager          891929669@qtp-808992869-2 INFO ]  end anonymous request
2011-03-24 19:00:35,857 [DispatcherServlet    891929669@qtp-808992869-2 INFO ]  get  /_generic.shtml  _result=Pdom.todo.ToDoItem@2&scope=INTERACTION
2011-03-24 19:00:35,858 [Dispatcher           891929669@qtp-808992869-2 INFO ]  processing request /_generic.shtml
2011-03-24 19:00:35,858 [UserManager          891929669@qtp-808992869-2 INFO ]  start anonymous request: UserlessSession@14eac7c8[name=__web_default,code=]
2011-03-24 19:00:35,859 [PersistenceMechanismInstallerAbstract 891929669@qtp-808992869-2 INFO ]  installing org.apache.isis.runtimes.dflt.objectstores.dflt.InMemoryPersistenceMechanismInstaller
2011-03-24 19:00:35,859 [IsisConfigurationDefault 891929669@qtp-808992869-2 INFO ]  from :[servlet context ('/WEB-INF'), context loader classpath]
2011-03-24 19:00:35,860 [InMemoryObjectStore  891929669@qtp-808992869-2 INFO ]  creating memory object store
2011-03-24 19:00:35,860 [UserProfile          891929669@qtp-808992869-2 INFO ]  creating exploration UserProfile for __web_default
2011-03-24 19:00:35,861 [IsisContextThreadLocal 891929669@qtp-808992869-2 INFO ]    opening session IsisSessionDefault@41e22632[context=#6__web_default,authenticationSession=UserlessSession@14eac7c8[name=__web_default,code=],persistenceSession=PersistenceSessionObjectStore@6639be68[objectStore=In-Memory Object Store,persistAlgorithm=Simple Bottom Up Persistence Walker],transaction=null] (count 0) for __web_default
2011-03-24 19:00:35,861 [IsisContextThreadLocal 891929669@qtp-808992869-2 INFO ]    saving session IsisSessionDefault@41e22632[context=#6__web_default,authenticationSession=UserlessSession@14eac7c8[name=__web_default,code=],persistenceSession=PersistenceSessionObjectStore@6639be68[objectStore=In-Memory Object Store,persistAlgorithm=Simple Bottom Up Persistence Walker],transaction=null]; now have 1 sessions
2011-03-24 19:00:35,863 [ObjectStoreTransactionManager 891929669@qtp-808992869-2 INFO ]  startTransaction: level 0->1 (no transaction in progress or was previously completed; transaction created)
2011-03-24 19:00:35,863 [ObjectStoreTransactionManager 891929669@qtp-808992869-2 INFO ]  endTransaction: level 1->0
2011-03-24 19:00:35,864 [ObjectStoreTransactionManager 891929669@qtp-808992869-2 INFO ]  endTransaction: committing
2011-03-24 19:00:35,864 [IsisTransactionAbstract 891929669@qtp-808992869-2 INFO ]  commit transaction ObjectStoreTransaction@752d7d02[state=IN_PROGRESS,commands=0]
2011-03-24 19:00:35,864 [ObjectStoreTransactionManager 891929669@qtp-808992869-2 INFO ]  startTransaction: level 0->1 (no transaction in progress or was previously completed; transaction created)
2011-03-24 19:00:35,864 [IsisTransactionAbstract 891929669@qtp-808992869-2 INFO ]  flush transaction ObjectStoreTransaction@7d6a4a67[state=IN_PROGRESS,commands=0]
2011-03-24 19:00:35,868 [PersistenceSessionObjectStore 891929669@qtp-808992869-2 INFO ]  resolved: ToDoItem PG~~ OID#2+
2011-03-24 19:00:35,891 [ObjectStoreTransactionManager 891929669@qtp-808992869-2 INFO ]  endTransaction: level 1->0
2011-03-24 19:00:35,891 [ObjectStoreTransactionManager 891929669@qtp-808992869-2 INFO ]  endTransaction: committing
2011-03-24 19:00:35,891 [IsisTransactionAbstract 891929669@qtp-808992869-2 INFO ]  commit transaction ObjectStoreTransaction@7d6a4a67[state=IN_PROGRESS,commands=0]
2011-03-24 19:00:35,892 [UserManager          891929669@qtp-808992869-2 INFO ]  end anonymous request
2011-03-24 19:00:35,893 [PersistenceSessionAbstract 891929669@qtp-808992869-2 INFO ]  closing PersistenceSessionObjectStore@6639be68[objectStore=In-Memory Object Store,persistAlgorithm=Simple Bottom Up Persistence Walker]
2011-03-24 19:00:35,893 [UserManager          891929669@qtp-808992869-2 INFO ]  end anonymous request
