2004-11-30 18:09:05,925 [NakedObjectsContainer] INFO   Loaded configuration details from nakedobjects.properties
2004-11-30 18:09:05,985 [Configuration       ] DEBUG  property: nakedobjects.locale =  <en_GB>
2004-11-30 18:09:05,985 [NakedObjectsContainer] INFO   Locale set to en_GB
2004-11-30 18:09:05,985 [NakedObjectsContainer] DEBUG  locale is en_GB
2004-11-30 18:09:05,985 [Configuration       ] DEBUG  property: nakedobjects.nosplash =  <null>
2004-11-30 18:09:07,297 [SplashWindow        ] DEBUG  Image from file:/C:/Documents%20and%20Settings/rcm/My%20Documents/nakedobjects/no-core/classes/images/logo.jpg
2004-11-30 18:09:07,518 [SplashWindow        ] INFO   Image loaded from resources: file:/C:/Documents%20and%20Settings/rcm/My%20Documents/nakedobjects/no-core/classes/images/logo.jpg
2004-11-30 18:10:11,850 [NakedObjectsContainer] INFO   Loaded configuration details from nakedobjects.properties
2004-11-30 18:10:11,900 [Configuration       ] DEBUG  property: nakedobjects.locale =  <en_GB>
2004-11-30 18:10:11,900 [NakedObjectsContainer] INFO   Locale set to en_GB
2004-11-30 18:10:11,900 [NakedObjectsContainer] DEBUG  locale is en_GB
2004-11-30 18:10:11,900 [Configuration       ] DEBUG  property: nakedobjects.nosplash =  <null>
2004-11-30 18:10:12,231 [SplashWindow        ] DEBUG  Image from file:/C:/Documents%20and%20Settings/rcm/My%20Documents/nakedobjects/no-core/classes/images/logo.jpg
2004-11-30 18:10:12,311 [SplashWindow        ] INFO   Image loaded from resources: file:/C:/Documents%20and%20Settings/rcm/My%20Documents/nakedobjects/no-core/classes/images/logo.jpg
2004-11-30 18:14:07,950 [NakedObjectsContainer] INFO   Loaded configuration details from nakedobjects.properties
2004-11-30 18:14:08,000 [Configuration       ] DEBUG  property: nakedobjects.locale =  <en_GB>
2004-11-30 18:14:08,000 [NakedObjectsContainer] INFO   Locale set to en_GB
2004-11-30 18:14:08,000 [NakedObjectsContainer] DEBUG  locale is en_GB
2004-11-30 18:14:08,000 [Configuration       ] DEBUG  property: nakedobjects.nosplash =  <null>
2004-11-30 18:14:08,320 [SplashWindow        ] DEBUG  Image from file:/C:/Documents%20and%20Settings/rcm/My%20Documents/nakedobjects/no-core/classes/images/logo.jpg
2004-11-30 18:14:08,380 [SplashWindow        ] INFO   Image loaded from resources: file:/C:/Documents%20and%20Settings/rcm/My%20Documents/nakedobjects/no-core/classes/images/logo.jpg
2004-11-30 18:14:08,450 [Configuration       ] DEBUG  property: nakedobjects.viewer =  <org.nakedobjects.viewer.skylark.ViewerFrame>
2004-12-01 07:41:39,592 [NakedObjectsContainer] INFO   Loaded configuration details from nakedobjects.properties
2004-12-01 07:41:39,602 [Configuration       ] DEBUG  property: nakedobjects.locale =  <en_GB>
2004-12-01 07:41:39,602 [NakedObjectsContainer] INFO   Locale set to en_GB
2004-12-01 07:41:39,602 [NakedObjectsContainer] DEBUG  locale is en_GB
2004-12-01 07:41:39,602 [Configuration       ] DEBUG  property: nakedobjects.nosplash =  <null>
2004-12-01 07:41:39,912 [SplashWindow        ] DEBUG  Image from file:/C:/Documents%20and%20Settings/rcm/My%20Documents/nakedobjects/no-core/classes/images/logo.jpg
2004-12-01 07:41:39,982 [SplashWindow        ] INFO   Image loaded from resources: file:/C:/Documents%20and%20Settings/rcm/My%20Documents/nakedobjects/no-core/classes/images/logo.jpg
2004-12-01 07:41:40,042 [Configuration       ] DEBUG  property: nakedobjects.viewer =  <org.nakedobjects.viewer.skylark.ViewerFrame>
