2011-03-24 18:48:05,804 [IsisConfigurationDefault main       INFO ]  from :[servlet context ('/WEB-INF'), context loader classpath]
2011-03-24 18:48:05,807 [IsisConfigurationBuilderResourceStreams main       INFO ]  'isis.properties' FOUND
2011-03-24 18:48:05,809 [IsisConfigurationBuilderResourceStreams main       INFO ]  'web.properties' not found, but not needed
2011-03-24 18:48:05,824 [IsisConfigurationBuilderResourceStreams main       INFO ]  added application.webapp.dir=D:\SVN\ai\trunk\support\quickstart\viewer-restful\src\main\webapp
2011-03-24 18:48:05,825 [IsisConfigurationBuilderResourceStreams main       INFO ]  added isis.nosplash=true
2011-03-24 18:48:05,853 [InstallerLookupDefault main       INFO ]  component installer not found; it will not be available: org.apache.isis.security.ldap.authorization.LdapAuthorizationManagerInstaller
2011-03-24 18:48:05,855 [InstallerLookupDefault main       INFO ]  component installer not found; it will not be available: org.apache.isis.security.ldap.authentication.LdapAuthenticationManagerInstaller
2011-03-24 18:48:05,861 [InstallerLookupDefault main       INFO ]  component installer not found; it will not be available: org.apache.isis.viewer.dnd.DndViewerInstaller
2011-03-24 18:48:05,862 [InstallerLookupDefault main       INFO ]  component installer not found; it will not be available: org.apache.isis.viewer.html.HtmlViewerInstaller
2011-03-24 18:48:05,897 [InstallerLookupDefault main       INFO ]  component installer not found; it will not be available: org.apache.isis.runtimes.dflt.objectstores.sql.SqlPersistorInstaller
2011-03-24 18:48:05,899 [InstallerLookupDefault main       INFO ]  component installer not found; it will not be available: org.apache.isis.runtimes.dflt.objectstores.nosql.mongo.MongoPersistorMechanismInstaller
2011-03-24 18:48:05,901 [InstallerLookupDefault main       INFO ]  component installer not found; it will not be available: org.apache.isis.runtimes.dflt.objectstores.nosql.file.FileServerPersistorMechanismInstaller
2011-03-24 18:48:05,906 [InstallerLookupDefault main       INFO ]  component installer not found; it will not be available: org.apache.isis.runtimes.dflt.profilestores.xml.XmlUserProfileStoreInstaller
2011-03-24 18:48:05,912 [InstallerLookupDefault main       INFO ]  component installer not found; it will not be available: org.apache.isis.runtimes.dflt.remoting.transport.sockets.client.EncodingOverSocketsProxyInstaller
2011-03-24 18:48:05,914 [InstallerLookupDefault main       INFO ]  component installer not found; it will not be available: org.apache.isis.runtimes.dflt.remoting.transport.sockets.server.EncodingOverSocketsViewerInstaller
2011-03-24 18:48:05,916 [InstallerLookupDefault main       INFO ]  component installer not found; it will not be available: org.apache.isis.runtimes.dflt.remoting.transport.sockets.client.SerializingOverSocketsProxyInstaller
2011-03-24 18:48:05,918 [InstallerLookupDefault main       INFO ]  component installer not found; it will not be available: org.apache.isis.runtimes.dflt.remoting.transport.sockets.server.SerializingOverSocketsViewerInstaller
2011-03-24 18:48:05,919 [InstallerLookupDefault main       INFO ]  component installer not found; it will not be available: org.apache.isis.runtimes.dflt.remoting.transport.http.client.EncodingOverHttpProxyInstaller
2011-03-24 18:48:05,920 [InstallerLookupDefault main       INFO ]  component installer not found; it will not be available: org.apache.isis.runtimes.dflt.remoting.transport.http.server.EncodingOverHttpRemotingViewerInstaller
2011-03-24 18:48:05,921 [InstallerLookupDefault main       INFO ]  component installer not found; it will not be available: org.apache.isis.runtimes.dflt.remoting.marshalling.xstream.client.XStreamOverSocketsProxyDecoratorInstaller
2011-03-24 18:48:05,922 [InstallerLookupDefault main       INFO ]  component installer not found; it will not be available: org.apache.isis.runtimes.dflt.remoting.marshalling.xstream.server.XStreamOverSocketsViewerInstaller
2011-03-24 18:48:06,094 [IsisConfigurationDefault main       INFO ]  from :[servlet context ('/WEB-INF'), context loader classpath]
2011-03-24 18:48:06,096 [IsisConfigurationBuilderResourceStreams main       INFO ]  'isis.properties' FOUND
2011-03-24 18:48:06,097 [IsisConfigurationBuilderResourceStreams main       INFO ]  'web.properties' not found, but not needed
2011-03-24 18:48:06,100 [IsisConfigurationBuilderResourceStreams main       INFO ]  'web.properties' not found, but not needed
2011-03-24 18:48:06,101 [IsisConfigurationBuilderResourceStreams main       INFO ]  'war.properties' not found, but not needed
2011-03-24 18:48:06,102 [IsisConfigurationBuilderResourceStreams main       INFO ]  'server.properties' not found, but not needed
2011-03-24 18:48:06,103 [IsisConfigurationBuilderResourceStreams main       INFO ]  'viewer_restful.properties' not found, but not needed
2011-03-24 18:48:06,103 [IsisConfigurationDefault main       INFO ]  from :[servlet context ('/WEB-INF'), context loader classpath]
2011-03-24 18:48:06,104 [IsisConfigurationBuilderResourceStreams main       INFO ]  'isis.properties' FOUND
2011-03-24 18:48:06,105 [IsisConfigurationBuilderResourceStreams main       INFO ]  'web.properties' not found, but not needed
2011-03-24 18:48:06,106 [IsisConfigurationBuilderResourceStreams main       INFO ]  'web.properties' not found, but not needed
2011-03-24 18:48:06,107 [IsisConfigurationBuilderResourceStreams main       INFO ]  'war.properties' not found, but not needed
2011-03-24 18:48:06,108 [IsisConfigurationBuilderResourceStreams main       INFO ]  'server.properties' not found, but not needed
2011-03-24 18:48:06,109 [IsisConfigurationBuilderResourceStreams main       INFO ]  'viewer_restful.properties' not found, but not needed
2011-03-24 18:48:06,110 [IsisConfigurationBuilderResourceStreams main       INFO ]  'authentication.properties' not found, but not needed
2011-03-24 18:48:06,116 [IsisConfigurationBuilderResourceStreams main       INFO ]  'authentication_noop.properties' not found, but not needed
2011-03-24 18:48:06,116 [IsisConfigurationDefault main       INFO ]  from :[servlet context ('/WEB-INF'), context loader classpath]
2011-03-24 18:48:06,117 [IsisConfigurationBuilderResourceStreams main       INFO ]  'isis.properties' FOUND
2011-03-24 18:48:06,118 [IsisConfigurationBuilderResourceStreams main       INFO ]  'web.properties' not found, but not needed
2011-03-24 18:48:06,119 [IsisConfigurationBuilderResourceStreams main       INFO ]  'web.properties' not found, but not needed
2011-03-24 18:48:06,119 [IsisConfigurationBuilderResourceStreams main       INFO ]  'war.properties' not found, but not needed
2011-03-24 18:48:06,120 [IsisConfigurationBuilderResourceStreams main       INFO ]  'server.properties' not found, but not needed
2011-03-24 18:48:06,121 [IsisConfigurationBuilderResourceStreams main       INFO ]  'viewer_restful.properties' not found, but not needed
2011-03-24 18:48:06,121 [IsisConfigurationBuilderResourceStreams main       INFO ]  'authentication.properties' not found, but not needed
2011-03-24 18:48:06,122 [IsisConfigurationBuilderResourceStreams main       INFO ]  'authentication_noop.properties' not found, but not needed
2011-03-24 18:48:06,122 [IsisConfigurationBuilderResourceStreams main       INFO ]  'authorization.properties' not found, but not needed
2011-03-24 18:48:06,123 [IsisConfigurationBuilderResourceStreams main       INFO ]  'authorization_noop.properties' not found, but not needed
2011-03-24 18:48:06,124 [IsisConfigurationDefault main       INFO ]  from :[servlet context ('/WEB-INF'), context loader classpath]
2011-03-24 18:48:06,125 [IsisConfigurationBuilderResourceStreams main       INFO ]  'isis.properties' FOUND
2011-03-24 18:48:06,126 [IsisConfigurationBuilderResourceStreams main       INFO ]  'web.properties' not found, but not needed
2011-03-24 18:48:06,126 [IsisConfigurationBuilderResourceStreams main       INFO ]  'web.properties' not found, but not needed
2011-03-24 18:48:06,127 [IsisConfigurationBuilderResourceStreams main       INFO ]  'war.properties' not found, but not needed
2011-03-24 18:48:06,128 [IsisConfigurationBuilderResourceStreams main       INFO ]  'server.properties' not found, but not needed
2011-03-24 18:48:06,128 [IsisConfigurationBuilderResourceStreams main       INFO ]  'viewer_restful.properties' not found, but not needed
2011-03-24 18:48:06,129 [IsisConfigurationBuilderResourceStreams main       INFO ]  'authentication.properties' not found, but not needed
2011-03-24 18:48:06,130 [IsisConfigurationBuilderResourceStreams main       INFO ]  'authentication_noop.properties' not found, but not needed
2011-03-24 18:48:06,134 [IsisConfigurationBuilderResourceStreams main       INFO ]  'authorization.properties' not found, but not needed
2011-03-24 18:48:06,135 [IsisConfigurationBuilderResourceStreams main       INFO ]  'authorization_noop.properties' not found, but not needed
2011-03-24 18:48:06,136 [IsisConfigurationBuilderResourceStreams main       INFO ]  'user-profile-store.properties' not found, but not needed
2011-03-24 18:48:06,137 [IsisConfigurationBuilderResourceStreams main       INFO ]  'user-profile-store_in-memory.properties' not found, but not needed
2011-03-24 18:48:06,138 [IsisSystemAbstract   main       INFO ]  initialising Isis System
2011-03-24 18:48:06,139 [IsisSystemAbstract   main       INFO ]  working directory: D:\SVN\ai\trunk\support\quickstart\viewer-restful\.
2011-03-24 18:48:06,139 [IsisConfigurationDefault main       INFO ]  from :[servlet context ('/WEB-INF'), context loader classpath]
2011-03-24 18:48:06,140 [IsisConfigurationBuilderResourceStreams main       INFO ]  'isis.properties' FOUND
2011-03-24 18:48:06,140 [IsisConfigurationBuilderResourceStreams main       INFO ]  'web.properties' not found, but not needed
2011-03-24 18:48:06,141 [IsisConfigurationBuilderResourceStreams main       INFO ]  'web.properties' not found, but not needed
2011-03-24 18:48:06,142 [IsisConfigurationBuilderResourceStreams main       INFO ]  'war.properties' not found, but not needed
2011-03-24 18:48:06,142 [IsisConfigurationBuilderResourceStreams main       INFO ]  'server.properties' not found, but not needed
2011-03-24 18:48:06,143 [IsisConfigurationBuilderResourceStreams main       INFO ]  'viewer_restful.properties' not found, but not needed
2011-03-24 18:48:06,144 [IsisConfigurationBuilderResourceStreams main       INFO ]  'authentication.properties' not found, but not needed
2011-03-24 18:48:06,144 [IsisConfigurationBuilderResourceStreams main       INFO ]  'authentication_noop.properties' not found, but not needed
2011-03-24 18:48:06,145 [IsisConfigurationBuilderResourceStreams main       INFO ]  'authorization.properties' not found, but not needed
2011-03-24 18:48:06,145 [IsisConfigurationBuilderResourceStreams main       INFO ]  'authorization_noop.properties' not found, but not needed
2011-03-24 18:48:06,146 [IsisConfigurationBuilderResourceStreams main       INFO ]  'user-profile-store.properties' not found, but not needed
2011-03-24 18:48:06,147 [IsisConfigurationBuilderResourceStreams main       INFO ]  'user-profile-store_in-memory.properties' not found, but not needed
2011-03-24 18:48:06,147 [IsisConfigurationBuilderResourceStreams main       INFO ]  'fixtures-installer.properties' not found, but not needed
2011-03-24 18:48:06,148 [IsisConfigurationBuilderResourceStreams main       INFO ]  'fixtures-installer_configuration.properties' not found, but not needed
2011-03-24 18:48:06,148 [IsisSystemAbstract   main       INFO ]  resource stream source: [servlet context ('/WEB-INF'), context loader classpath]
2011-03-24 18:48:06,153 [IsisConfigurationDefault main       INFO ]  from :[servlet context ('/WEB-INF'), context loader classpath]
2011-03-24 18:48:06,154 [IsisConfigurationBuilderResourceStreams main       INFO ]  'isis.properties' FOUND
2011-03-24 18:48:06,154 [IsisConfigurationBuilderResourceStreams main       INFO ]  'web.properties' not found, but not needed
2011-03-24 18:48:06,155 [IsisConfigurationBuilderResourceStreams main       INFO ]  'web.properties' not found, but not needed
2011-03-24 18:48:06,155 [IsisConfigurationBuilderResourceStreams main       INFO ]  'war.properties' not found, but not needed
2011-03-24 18:48:06,156 [IsisConfigurationBuilderResourceStreams main       INFO ]  'server.properties' not found, but not needed
2011-03-24 18:48:06,157 [IsisConfigurationBuilderResourceStreams main       INFO ]  'viewer_restful.properties' not found, but not needed
2011-03-24 18:48:06,157 [IsisConfigurationBuilderResourceStreams main       INFO ]  'authentication.properties' not found, but not needed
2011-03-24 18:48:06,158 [IsisConfigurationBuilderResourceStreams main       INFO ]  'authentication_noop.properties' not found, but not needed
2011-03-24 18:48:06,159 [IsisConfigurationBuilderResourceStreams main       INFO ]  'authorization.properties' not found, but not needed
2011-03-24 18:48:06,159 [IsisConfigurationBuilderResourceStreams main       INFO ]  'authorization_noop.properties' not found, but not needed
2011-03-24 18:48:06,160 [IsisConfigurationBuilderResourceStreams main       INFO ]  'user-profile-store.properties' not found, but not needed
2011-03-24 18:48:06,161 [IsisConfigurationBuilderResourceStreams main       INFO ]  'user-profile-store_in-memory.properties' not found, but not needed
2011-03-24 18:48:06,162 [IsisConfigurationBuilderResourceStreams main       INFO ]  'fixtures-installer.properties' not found, but not needed
2011-03-24 18:48:06,162 [IsisConfigurationBuilderResourceStreams main       INFO ]  'fixtures-installer_configuration.properties' not found, but not needed
2011-03-24 18:48:06,163 [IsisConfigurationBuilderResourceStreams main       INFO ]  'template-image-loader.properties' not found, but not needed
2011-03-24 18:48:06,165 [IsisConfigurationBuilderResourceStreams main       INFO ]  'template-image-loader_awt.properties' not found, but not needed
2011-03-24 18:48:06,177 [TemplateImageLoaderAwt main       INFO ]  images to be loaded from images/
2011-03-24 18:48:06,179 [IsisConfigurationDefault main       INFO ]  from :[servlet context ('/WEB-INF'), context loader classpath]
2011-03-24 18:48:06,181 [IsisConfigurationBuilderResourceStreams main       INFO ]  'isis.properties' FOUND
2011-03-24 18:48:06,181 [IsisConfigurationBuilderResourceStreams main       INFO ]  'web.properties' not found, but not needed
2011-03-24 18:48:06,182 [IsisConfigurationBuilderResourceStreams main       INFO ]  'web.properties' not found, but not needed
2011-03-24 18:48:06,182 [IsisConfigurationBuilderResourceStreams main       INFO ]  'war.properties' not found, but not needed
2011-03-24 18:48:06,183 [IsisConfigurationBuilderResourceStreams main       INFO ]  'server.properties' not found, but not needed
2011-03-24 18:48:06,183 [IsisConfigurationBuilderResourceStreams main       INFO ]  'viewer_restful.properties' not found, but not needed
2011-03-24 18:48:06,184 [IsisConfigurationBuilderResourceStreams main       INFO ]  'authentication.properties' not found, but not needed
2011-03-24 18:48:06,185 [IsisConfigurationBuilderResourceStreams main       INFO ]  'authentication_noop.properties' not found, but not needed
2011-03-24 18:48:06,185 [IsisConfigurationBuilderResourceStreams main       INFO ]  'authorization.properties' not found, but not needed
2011-03-24 18:48:06,186 [IsisConfigurationBuilderResourceStreams main       INFO ]  'authorization_noop.properties' not found, but not needed
2011-03-24 18:48:06,186 [IsisConfigurationBuilderResourceStreams main       INFO ]  'user-profile-store.properties' not found, but not needed
2011-03-24 18:48:06,187 [IsisConfigurationBuilderResourceStreams main       INFO ]  'user-profile-store_in-memory.properties' not found, but not needed
2011-03-24 18:48:06,187 [IsisConfigurationBuilderResourceStreams main       INFO ]  'fixtures-installer.properties' not found, but not needed
2011-03-24 18:48:06,187 [IsisConfigurationBuilderResourceStreams main       INFO ]  'fixtures-installer_configuration.properties' not found, but not needed
2011-03-24 18:48:06,188 [IsisConfigurationBuilderResourceStreams main       INFO ]  'template-image-loader.properties' not found, but not needed
2011-03-24 18:48:06,189 [IsisConfigurationBuilderResourceStreams main       INFO ]  'template-image-loader_awt.properties' not found, but not needed
2011-03-24 18:48:06,189 [IsisConfigurationBuilderResourceStreams main       INFO ]  'persistor.properties' not found, but not needed
2011-03-24 18:48:06,189 [IsisConfigurationBuilderResourceStreams main       INFO ]  'persistor_in-memory.properties' not found, but not needed
2011-03-24 18:48:06,203 [IsisConfigurationDefault main       INFO ]  from :[servlet context ('/WEB-INF'), context loader classpath]
2011-03-24 18:48:06,204 [IsisConfigurationBuilderResourceStreams main       INFO ]  'isis.properties' FOUND
2011-03-24 18:48:06,204 [IsisConfigurationBuilderResourceStreams main       INFO ]  'web.properties' not found, but not needed
2011-03-24 18:48:06,205 [IsisConfigurationBuilderResourceStreams main       INFO ]  'web.properties' not found, but not needed
2011-03-24 18:48:06,205 [IsisConfigurationBuilderResourceStreams main       INFO ]  'war.properties' not found, but not needed
2011-03-24 18:48:06,206 [IsisConfigurationBuilderResourceStreams main       INFO ]  'server.properties' not found, but not needed
2011-03-24 18:48:06,207 [IsisConfigurationBuilderResourceStreams main       INFO ]  'viewer_restful.properties' not found, but not needed
2011-03-24 18:48:06,208 [IsisConfigurationBuilderResourceStreams main       INFO ]  'authentication.properties' not found, but not needed
2011-03-24 18:48:06,208 [IsisConfigurationBuilderResourceStreams main       INFO ]  'authentication_noop.properties' not found, but not needed
2011-03-24 18:48:06,208 [IsisConfigurationBuilderResourceStreams main       INFO ]  'authorization.properties' not found, but not needed
2011-03-24 18:48:06,209 [IsisConfigurationBuilderResourceStreams main       INFO ]  'authorization_noop.properties' not found, but not needed
2011-03-24 18:48:06,210 [IsisConfigurationBuilderResourceStreams main       INFO ]  'user-profile-store.properties' not found, but not needed
2011-03-24 18:48:06,211 [IsisConfigurationBuilderResourceStreams main       INFO ]  'user-profile-store_in-memory.properties' not found, but not needed
2011-03-24 18:48:06,212 [IsisConfigurationBuilderResourceStreams main       INFO ]  'fixtures-installer.properties' not found, but not needed
2011-03-24 18:48:06,217 [IsisConfigurationBuilderResourceStreams main       INFO ]  'fixtures-installer_configuration.properties' not found, but not needed
2011-03-24 18:48:06,218 [IsisConfigurationBuilderResourceStreams main       INFO ]  'template-image-loader.properties' not found, but not needed
2011-03-24 18:48:06,219 [IsisConfigurationBuilderResourceStreams main       INFO ]  'template-image-loader_awt.properties' not found, but not needed
2011-03-24 18:48:06,220 [IsisConfigurationBuilderResourceStreams main       INFO ]  'persistor.properties' not found, but not needed
2011-03-24 18:48:06,221 [IsisConfigurationBuilderResourceStreams main       INFO ]  'persistor_in-memory.properties' not found, but not needed
2011-03-24 18:48:06,222 [IsisConfigurationBuilderResourceStreams main       INFO ]  'template-image-loader.properties' not found, but not needed
2011-03-24 18:48:06,223 [IsisConfigurationBuilderResourceStreams main       INFO ]  'template-image-loader_awt.properties' not found, but not needed
2011-03-24 18:48:06,224 [IsisConfigurationDefault main       INFO ]  from :[servlet context ('/WEB-INF'), context loader classpath]
2011-03-24 18:48:06,225 [IsisConfigurationBuilderResourceStreams main       INFO ]  'isis.properties' FOUND
2011-03-24 18:48:06,226 [IsisConfigurationBuilderResourceStreams main       INFO ]  'web.properties' not found, but not needed
2011-03-24 18:48:06,226 [IsisConfigurationBuilderResourceStreams main       INFO ]  'web.properties' not found, but not needed
2011-03-24 18:48:06,227 [IsisConfigurationBuilderResourceStreams main       INFO ]  'war.properties' not found, but not needed
2011-03-24 18:48:06,228 [IsisConfigurationBuilderResourceStreams main       INFO ]  'server.properties' not found, but not needed
2011-03-24 18:48:06,228 [IsisConfigurationBuilderResourceStreams main       INFO ]  'viewer_restful.properties' not found, but not needed
2011-03-24 18:48:06,229 [IsisConfigurationBuilderResourceStreams main       INFO ]  'authentication.properties' not found, but not needed
2011-03-24 18:48:06,230 [IsisConfigurationBuilderResourceStreams main       INFO ]  'authentication_noop.properties' not found, but not needed
2011-03-24 18:48:06,231 [IsisConfigurationBuilderResourceStreams main       INFO ]  'authorization.properties' not found, but not needed
2011-03-24 18:48:06,232 [IsisConfigurationBuilderResourceStreams main       INFO ]  'authorization_noop.properties' not found, but not needed
2011-03-24 18:48:06,233 [IsisConfigurationBuilderResourceStreams main       INFO ]  'user-profile-store.properties' not found, but not needed
2011-03-24 18:48:06,234 [IsisConfigurationBuilderResourceStreams main       INFO ]  'user-profile-store_in-memory.properties' not found, but not needed
2011-03-24 18:48:06,235 [IsisConfigurationBuilderResourceStreams main       INFO ]  'fixtures-installer.properties' not found, but not needed
2011-03-24 18:48:06,235 [IsisConfigurationBuilderResourceStreams main       INFO ]  'fixtures-installer_configuration.properties' not found, but not needed
2011-03-24 18:48:06,236 [IsisConfigurationBuilderResourceStreams main       INFO ]  'template-image-loader.properties' not found, but not needed
2011-03-24 18:48:06,237 [IsisConfigurationBuilderResourceStreams main       INFO ]  'template-image-loader_awt.properties' not found, but not needed
2011-03-24 18:48:06,237 [IsisConfigurationBuilderResourceStreams main       INFO ]  'persistor.properties' not found, but not needed
2011-03-24 18:48:06,238 [IsisConfigurationBuilderResourceStreams main       INFO ]  'persistor_in-memory.properties' not found, but not needed
2011-03-24 18:48:06,239 [IsisConfigurationBuilderResourceStreams main       INFO ]  'template-image-loader.properties' not found, but not needed
2011-03-24 18:48:06,239 [IsisConfigurationBuilderResourceStreams main       INFO ]  'template-image-loader_awt.properties' not found, but not needed
2011-03-24 18:48:06,240 [IsisConfigurationBuilderResourceStreams main       INFO ]  'reflector.properties' not found, but not needed
2011-03-24 18:48:06,240 [IsisConfigurationBuilderResourceStreams main       INFO ]  'reflector_java.properties' not found, but not needed
2011-03-24 18:48:06,241 [IsisConfigurationBuilderResourceStreams main       INFO ]  'facet-decorator.properties' not found, but not needed
2011-03-24 18:48:06,241 [IsisConfigurationBuilderResourceStreams main       INFO ]  'facet-decorator_transaction.properties' not found, but not needed
2011-03-24 18:48:06,339 [ServicesFromConfiguration main       INFO ]  installing org.apache.isis.runtimes.dflt.runtime.persistence.services.config.ServicesFromConfiguration
2011-03-24 18:48:06,339 [IsisConfigurationDefault main       INFO ]  from :[servlet context ('/WEB-INF'), context loader classpath]
2011-03-24 18:48:06,340 [IsisConfigurationBuilderResourceStreams main       INFO ]  'isis.properties' FOUND
2011-03-24 18:48:06,341 [IsisConfigurationBuilderResourceStreams main       INFO ]  'web.properties' not found, but not needed
2011-03-24 18:48:06,341 [IsisConfigurationBuilderResourceStreams main       INFO ]  'web.properties' not found, but not needed
2011-03-24 18:48:06,342 [IsisConfigurationBuilderResourceStreams main       INFO ]  'war.properties' not found, but not needed
2011-03-24 18:48:06,343 [IsisConfigurationBuilderResourceStreams main       INFO ]  'server.properties' not found, but not needed
2011-03-24 18:48:06,343 [IsisConfigurationBuilderResourceStreams main       INFO ]  'viewer_restful.properties' not found, but not needed
2011-03-24 18:48:06,344 [IsisConfigurationBuilderResourceStreams main       INFO ]  'authentication.properties' not found, but not needed
2011-03-24 18:48:06,345 [IsisConfigurationBuilderResourceStreams main       INFO ]  'authentication_noop.properties' not found, but not needed
2011-03-24 18:48:06,346 [IsisConfigurationBuilderResourceStreams main       INFO ]  'authorization.properties' not found, but not needed
2011-03-24 18:48:06,347 [IsisConfigurationBuilderResourceStreams main       INFO ]  'authorization_noop.properties' not found, but not needed
2011-03-24 18:48:06,348 [IsisConfigurationBuilderResourceStreams main       INFO ]  'user-profile-store.properties' not found, but not needed
2011-03-24 18:48:06,349 [IsisConfigurationBuilderResourceStreams main       INFO ]  'user-profile-store_in-memory.properties' not found, but not needed
2011-03-24 18:48:06,350 [IsisConfigurationBuilderResourceStreams main       INFO ]  'fixtures-installer.properties' not found, but not needed
2011-03-24 18:48:06,350 [IsisConfigurationBuilderResourceStreams main       INFO ]  'fixtures-installer_configuration.properties' not found, but not needed
2011-03-24 18:48:06,351 [IsisConfigurationBuilderResourceStreams main       INFO ]  'template-image-loader.properties' not found, but not needed
2011-03-24 18:48:06,351 [IsisConfigurationBuilderResourceStreams main       INFO ]  'template-image-loader_awt.properties' not found, but not needed
2011-03-24 18:48:06,352 [IsisConfigurationBuilderResourceStreams main       INFO ]  'persistor.properties' not found, but not needed
2011-03-24 18:48:06,352 [IsisConfigurationBuilderResourceStreams main       INFO ]  'persistor_in-memory.properties' not found, but not needed
2011-03-24 18:48:06,353 [IsisConfigurationBuilderResourceStreams main       INFO ]  'template-image-loader.properties' not found, but not needed
2011-03-24 18:48:06,353 [IsisConfigurationBuilderResourceStreams main       INFO ]  'template-image-loader_awt.properties' not found, but not needed
2011-03-24 18:48:06,354 [IsisConfigurationBuilderResourceStreams main       INFO ]  'reflector.properties' not found, but not needed
2011-03-24 18:48:06,354 [IsisConfigurationBuilderResourceStreams main       INFO ]  'reflector_java.properties' not found, but not needed
2011-03-24 18:48:06,355 [IsisConfigurationBuilderResourceStreams main       INFO ]  'facet-decorator.properties' not found, but not needed
2011-03-24 18:48:06,355 [IsisConfigurationBuilderResourceStreams main       INFO ]  'facet-decorator_transaction.properties' not found, but not needed
2011-03-24 18:48:06,356 [IsisConfigurationBuilderResourceStreams main       INFO ]  'services-installer.properties' not found, but not needed
2011-03-24 18:48:06,357 [IsisConfigurationBuilderResourceStreams main       INFO ]  'services-installer_configuration.properties' not found, but not needed
2011-03-24 18:48:06,357 [ServicesFromConfiguration main       INFO ]  creating service todo.ToDoItemRepositoryDefault
2011-03-24 18:48:06,380 [TemplateImageLoaderAwt main       INFO ]  images to be loaded from images/
2011-03-24 18:48:06,470 [FacetedMethodsBuilder main       INFO ]  introspecting objstore.dflt.todo.ToDoItemRepositoryDefault
2011-03-24 18:48:06,512 [FacetedMethodsBuilder main       INFO ]  introspecting org.apache.isis.applib.AbstractFactoryAndRepository
2011-03-24 18:48:06,514 [FacetedMethodsBuilder main       INFO ]  introspecting org.apache.isis.applib.AbstractService
2011-03-24 18:48:06,515 [FacetedMethodsBuilder main       INFO ]  introspecting org.apache.isis.applib.AbstractContainedObject
2011-03-24 18:48:06,516 [FacetedMethodsBuilder main       INFO ]  introspecting java.lang.Object
2011-03-24 18:48:06,522 [FacetedMethodsBuilder main       INFO ]  introspecting java.lang.String
2011-03-24 18:48:06,557 [FacetedMethodsBuilder main       INFO ]  introspecting dom.todo.ToDoItemRepository
2011-03-24 18:48:06,560 [FacetedMethodsBuilder main       INFO ]  introspecting java.util.List
2011-03-24 18:48:06,565 [FacetedMethodsBuilder main       INFO ]  introspecting dom.todo.ToDoItem
2011-03-24 18:48:06,571 [FacetedMethodsBuilder main       INFO ]  introspecting org.apache.isis.applib.AbstractDomainObject
2011-03-24 18:48:06,572 [FacetedMethodsBuilder main       INFO ]  introspecting boolean
2011-03-24 18:48:06,583 [FacetedMethodsBuilder main       INFO ]  introspecting void
2011-03-24 18:48:06,618 [PersistenceMechanismInstallerAbstract main       INFO ]  installing org.apache.isis.runtimes.dflt.objectstores.dflt.InMemoryPersistenceMechanismInstaller
2011-03-24 18:48:06,633 [IsisConfigurationDefault main       INFO ]  from :[servlet context ('/WEB-INF'), context loader classpath]
2011-03-24 18:48:06,642 [InMemoryObjectStore  main       INFO ]  creating memory object store
2011-03-24 18:48:06,651 [UserProfile          main       INFO ]  creating exploration UserProfile for initialisation
2011-03-24 18:48:06,654 [IsisContextThreadLocal main       INFO ]    opening session IsisSessionDefault@4a8822a0[context=#1initialisation,authenticationSession=InitialisationSession@2f995c9a[name=initialisation,code=],persistenceSession=PersistenceSessionObjectStore@7d8e9adf[objectStore=In-Memory Object Store,persistAlgorithm=Simple Bottom Up Persistence Walker],transaction=null] (count 0) for initialisation
2011-03-24 18:48:06,654 [IsisContextThreadLocal main       INFO ]    saving session IsisSessionDefault@4a8822a0[context=#1initialisation,authenticationSession=InitialisationSession@2f995c9a[name=initialisation,code=],persistenceSession=PersistenceSessionObjectStore@7d8e9adf[objectStore=In-Memory Object Store,persistAlgorithm=Simple Bottom Up Persistence Walker],transaction=null]; now have 1 sessions
2011-03-24 18:48:06,666 [ObjectStoreTransactionManager main       INFO ]  startTransaction: level 0->1 (no transaction in progress or was previously completed; transaction created)
2011-03-24 18:48:06,681 [ObjectStoreTransactionManager main       INFO ]  endTransaction: level 1->0
2011-03-24 18:48:06,681 [ObjectStoreTransactionManager main       INFO ]  endTransaction: committing
2011-03-24 18:48:06,681 [IsisTransactionAbstract main       INFO ]  commit transaction ObjectStoreTransaction@33906773[state=IN_PROGRESS,commands=0]
2011-03-24 18:48:06,682 [FixturesFromConfiguration main       INFO ]    adding fixture fixture.LogonAsSvenFixture
2011-03-24 18:48:06,684 [FixturesFromConfiguration main       INFO ]    adding fixture fixture.todo.ToDoItemsFixture
2011-03-24 18:48:06,687 [FixturesInstallerDelegate main       INFO ]  installing fixture: LogonFixture [user: sven, roles: []]
2011-03-24 18:48:06,687 [ObjectStoreTransactionManager main       INFO ]  startTransaction: level 0->1 (no transaction in progress or was previously completed; transaction created)
2011-03-24 18:48:06,688 [FixturesInstallerDelegate main       WARN ]  Already specified logon fixture, using latest provided
2011-03-24 18:48:06,688 [ObjectStoreTransactionManager main       INFO ]  endTransaction: level 1->0
2011-03-24 18:48:06,688 [ObjectStoreTransactionManager main       INFO ]  endTransaction: committing
2011-03-24 18:48:06,689 [IsisTransactionAbstract main       INFO ]  commit transaction ObjectStoreTransaction@39fa487f[state=IN_PROGRESS,commands=0]
2011-03-24 18:48:06,689 [FixturesInstallerDelegate main       INFO ]  fixture installed
2011-03-24 18:48:06,689 [FixturesInstallerDelegate main       INFO ]  installing fixture: fixture.todo.ToDoItemsFixture@5eada795
2011-03-24 18:48:06,689 [ObjectStoreTransactionManager main       INFO ]  startTransaction: level 0->1 (no transaction in progress or was previously completed; transaction created)
2011-03-24 18:48:06,806 [FacetedMethodsBuilder main       INFO ]  introspecting java.lang.Boolean
2011-03-24 18:48:06,815 [DefaultPersistAlgorithm main       INFO ]  make persistent PojoAdapter@660e5025[T~~~:TOID#-8000000000000000,specification=ToDoItem,version=null,pojo-toString=dom.todo.ToDoItem$$EnhancerByCGLIB$$86189716@26ffd553,pojo-hash=#26ffd553]
2011-03-24 18:48:06,818 [DefaultPersistAlgorithm main       INFO ]  make persistent PojoAdapter@53e64a3b[T~~~:TOID#7FFFFFFFFFFFFFFF,specification=ToDoItem,version=null,pojo-toString=dom.todo.ToDoItem$$EnhancerByCGLIB$$86189716@790f2f3c,pojo-hash=#790f2f3c]
2011-03-24 18:48:06,819 [DefaultPersistAlgorithm main       INFO ]  make persistent PojoAdapter@f74f6ef[T~~~:TOID#7FFFFFFFFFFFFFFE,specification=ToDoItem,version=null,pojo-toString=dom.todo.ToDoItem$$EnhancerByCGLIB$$86189716@47a6ac39,pojo-hash=#47a6ac39]
2011-03-24 18:48:06,821 [DefaultPersistAlgorithm main       INFO ]  make persistent PojoAdapter@48d593f7[T~~~:TOID#7FFFFFFFFFFFFFFD,specification=ToDoItem,version=null,pojo-toString=dom.todo.ToDoItem$$EnhancerByCGLIB$$86189716@6094cbe2,pojo-hash=#6094cbe2]
2011-03-24 18:48:06,822 [DefaultPersistAlgorithm main       INFO ]  make persistent PojoAdapter@52988dd6[T~~~:TOID#7FFFFFFFFFFFFFFC,specification=ToDoItem,version=null,pojo-toString=dom.todo.ToDoItem$$EnhancerByCGLIB$$86189716@3e4f7537,pojo-hash=#3e4f7537]
2011-03-24 18:48:06,823 [ObjectStoreTransactionManager main       INFO ]  endTransaction: level 1->0
2011-03-24 18:48:06,823 [ObjectStoreTransactionManager main       INFO ]  endTransaction: committing
2011-03-24 18:48:06,823 [IsisTransactionAbstract main       INFO ]  commit transaction ObjectStoreTransaction@64fef26a[state=IN_PROGRESS,commands=5]
2011-03-24 18:48:06,824 [InMemoryObjectStore  main       INFO ]  execute commands
2011-03-24 18:48:06,826 [InMemoryObjectStore  main       INFO ]  end execution
2011-03-24 18:48:06,827 [FixturesInstallerDelegate main       INFO ]  fixture installed
2011-03-24 18:48:06,827 [PersistenceSessionAbstract main       INFO ]  closing PersistenceSessionObjectStore@7d8e9adf[objectStore=In-Memory Object Store,persistAlgorithm=Simple Bottom Up Persistence Walker]
2011-03-24 18:48:06,828 [IsisWebAppBootstrapper main       INFO ]  server started
2011-03-24 18:48:10,961 [PersistenceMechanismInstallerAbstract 1659215424@qtp-1351805814-0 INFO ]  installing org.apache.isis.runtimes.dflt.objectstores.dflt.InMemoryPersistenceMechanismInstaller
2011-03-24 18:48:10,962 [IsisConfigurationDefault 1659215424@qtp-1351805814-0 INFO ]  from :[servlet context ('/WEB-INF'), context loader classpath]
2011-03-24 18:48:10,962 [InMemoryObjectStore  1659215424@qtp-1351805814-0 INFO ]  creating memory object store
2011-03-24 18:48:10,963 [UserProfile          1659215424@qtp-1351805814-0 INFO ]  creating exploration UserProfile for exploration
2011-03-24 18:48:10,963 [IsisContextThreadLocal 1659215424@qtp-1351805814-0 INFO ]    opening session IsisSessionDefault@206c2ea3[context=#2exploration,authenticationSession=ExplorationSession@1e69dff6[name=exploration,code=26O50KOMYB],persistenceSession=PersistenceSessionObjectStore@38ee9f13[objectStore=In-Memory Object Store,persistAlgorithm=Simple Bottom Up Persistence Walker],transaction=null] (count 0) for exploration
2011-03-24 18:48:10,964 [IsisContextThreadLocal 1659215424@qtp-1351805814-0 INFO ]    saving session IsisSessionDefault@206c2ea3[context=#2exploration,authenticationSession=ExplorationSession@1e69dff6[name=exploration,code=26O50KOMYB],persistenceSession=PersistenceSessionObjectStore@38ee9f13[objectStore=In-Memory Object Store,persistAlgorithm=Simple Bottom Up Persistence Walker],transaction=null]; now have 1 sessions
2011-03-24 18:48:10,967 [ObjectStoreTransactionManager 1659215424@qtp-1351805814-0 INFO ]  startTransaction: level 0->1 (no transaction in progress or was previously completed; transaction created)
2011-03-24 18:48:10,967 [ObjectStoreTransactionManager 1659215424@qtp-1351805814-0 INFO ]  endTransaction: level 1->0
2011-03-24 18:48:10,967 [ObjectStoreTransactionManager 1659215424@qtp-1351805814-0 INFO ]  endTransaction: committing
2011-03-24 18:48:10,968 [IsisTransactionAbstract 1659215424@qtp-1351805814-0 INFO ]  commit transaction ObjectStoreTransaction@4ca4f040[state=IN_PROGRESS,commands=0]
2011-03-24 18:48:11,011 [PersistenceSessionAbstract 1659215424@qtp-1351805814-0 INFO ]  closing PersistenceSessionObjectStore@38ee9f13[objectStore=In-Memory Object Store,persistAlgorithm=Simple Bottom Up Persistence Walker]
2011-03-24 18:48:18,369 [PersistenceMechanismInstallerAbstract 1659215424@qtp-1351805814-0 INFO ]  installing org.apache.isis.runtimes.dflt.objectstores.dflt.InMemoryPersistenceMechanismInstaller
2011-03-24 18:48:18,370 [IsisConfigurationDefault 1659215424@qtp-1351805814-0 INFO ]  from :[servlet context ('/WEB-INF'), context loader classpath]
2011-03-24 18:48:18,371 [InMemoryObjectStore  1659215424@qtp-1351805814-0 INFO ]  creating memory object store
2011-03-24 18:48:18,371 [UserProfile          1659215424@qtp-1351805814-0 INFO ]  creating exploration UserProfile for exploration
2011-03-24 18:48:18,372 [IsisContextThreadLocal 1659215424@qtp-1351805814-0 INFO ]    opening session IsisSessionDefault@6fd46259[context=#3exploration,authenticationSession=ExplorationSession@1e69dff6[name=exploration,code=26O50KOMYB],persistenceSession=PersistenceSessionObjectStore@6084fa6a[objectStore=In-Memory Object Store,persistAlgorithm=Simple Bottom Up Persistence Walker],transaction=null] (count 0) for exploration
2011-03-24 18:48:18,372 [IsisContextThreadLocal 1659215424@qtp-1351805814-0 INFO ]    saving session IsisSessionDefault@6fd46259[context=#3exploration,authenticationSession=ExplorationSession@1e69dff6[name=exploration,code=26O50KOMYB],persistenceSession=PersistenceSessionObjectStore@6084fa6a[objectStore=In-Memory Object Store,persistAlgorithm=Simple Bottom Up Persistence Walker],transaction=null]; now have 1 sessions
2011-03-24 18:48:18,373 [ObjectStoreTransactionManager 1659215424@qtp-1351805814-0 INFO ]  startTransaction: level 0->1 (no transaction in progress or was previously completed; transaction created)
2011-03-24 18:48:18,374 [ObjectStoreTransactionManager 1659215424@qtp-1351805814-0 INFO ]  endTransaction: level 1->0
2011-03-24 18:48:18,375 [ObjectStoreTransactionManager 1659215424@qtp-1351805814-0 INFO ]  endTransaction: committing
2011-03-24 18:48:18,375 [IsisTransactionAbstract 1659215424@qtp-1351805814-0 INFO ]  commit transaction ObjectStoreTransaction@17b68215[state=IN_PROGRESS,commands=0]
2011-03-24 18:48:18,379 [PersistenceSessionAbstract 1659215424@qtp-1351805814-0 INFO ]  closing PersistenceSessionObjectStore@6084fa6a[objectStore=In-Memory Object Store,persistAlgorithm=Simple Bottom Up Persistence Walker]
2011-03-24 18:48:19,972 [PersistenceMechanismInstallerAbstract 1659215424@qtp-1351805814-0 INFO ]  installing org.apache.isis.runtimes.dflt.objectstores.dflt.InMemoryPersistenceMechanismInstaller
2011-03-24 18:48:19,973 [IsisConfigurationDefault 1659215424@qtp-1351805814-0 INFO ]  from :[servlet context ('/WEB-INF'), context loader classpath]
2011-03-24 18:48:19,974 [InMemoryObjectStore  1659215424@qtp-1351805814-0 INFO ]  creating memory object store
2011-03-24 18:48:19,974 [UserProfile          1659215424@qtp-1351805814-0 INFO ]  creating exploration UserProfile for exploration
2011-03-24 18:48:19,975 [IsisContextThreadLocal 1659215424@qtp-1351805814-0 INFO ]    opening session IsisSessionDefault@8523ca2[context=#4exploration,authenticationSession=ExplorationSession@1e69dff6[name=exploration,code=26O50KOMYB],persistenceSession=PersistenceSessionObjectStore@4f0ab3f2[objectStore=In-Memory Object Store,persistAlgorithm=Simple Bottom Up Persistence Walker],transaction=null] (count 0) for exploration
2011-03-24 18:48:19,976 [IsisContextThreadLocal 1659215424@qtp-1351805814-0 INFO ]    saving session IsisSessionDefault@8523ca2[context=#4exploration,authenticationSession=ExplorationSession@1e69dff6[name=exploration,code=26O50KOMYB],persistenceSession=PersistenceSessionObjectStore@4f0ab3f2[objectStore=In-Memory Object Store,persistAlgorithm=Simple Bottom Up Persistence Walker],transaction=null]; now have 1 sessions
2011-03-24 18:48:19,977 [ObjectStoreTransactionManager 1659215424@qtp-1351805814-0 INFO ]  startTransaction: level 0->1 (no transaction in progress or was previously completed; transaction created)
2011-03-24 18:48:19,978 [ObjectStoreTransactionManager 1659215424@qtp-1351805814-0 INFO ]  endTransaction: level 1->0
2011-03-24 18:48:19,979 [ObjectStoreTransactionManager 1659215424@qtp-1351805814-0 INFO ]  endTransaction: committing
2011-03-24 18:48:19,979 [IsisTransactionAbstract 1659215424@qtp-1351805814-0 INFO ]  commit transaction ObjectStoreTransaction@5449ff3f[state=IN_PROGRESS,commands=0]
2011-03-24 18:48:20,023 [PersistenceSessionAbstract 1659215424@qtp-1351805814-0 INFO ]  closing PersistenceSessionObjectStore@4f0ab3f2[objectStore=In-Memory Object Store,persistAlgorithm=Simple Bottom Up Persistence Walker]
2011-03-24 18:48:23,658 [PersistenceMechanismInstallerAbstract 1659215424@qtp-1351805814-0 INFO ]  installing org.apache.isis.runtimes.dflt.objectstores.dflt.InMemoryPersistenceMechanismInstaller
2011-03-24 18:48:23,659 [IsisConfigurationDefault 1659215424@qtp-1351805814-0 INFO ]  from :[servlet context ('/WEB-INF'), context loader classpath]
2011-03-24 18:48:23,660 [InMemoryObjectStore  1659215424@qtp-1351805814-0 INFO ]  creating memory object store
2011-03-24 18:48:23,660 [UserProfile          1659215424@qtp-1351805814-0 INFO ]  creating exploration UserProfile for exploration
2011-03-24 18:48:23,660 [IsisContextThreadLocal 1659215424@qtp-1351805814-0 INFO ]    opening session IsisSessionDefault@5abe753a[context=#5exploration,authenticationSession=ExplorationSession@1e69dff6[name=exploration,code=26O50KOMYB],persistenceSession=PersistenceSessionObjectStore@e026161[objectStore=In-Memory Object Store,persistAlgorithm=Simple Bottom Up Persistence Walker],transaction=null] (count 0) for exploration
2011-03-24 18:48:23,661 [IsisContextThreadLocal 1659215424@qtp-1351805814-0 INFO ]    saving session IsisSessionDefault@5abe753a[context=#5exploration,authenticationSession=ExplorationSession@1e69dff6[name=exploration,code=26O50KOMYB],persistenceSession=PersistenceSessionObjectStore@e026161[objectStore=In-Memory Object Store,persistAlgorithm=Simple Bottom Up Persistence Walker],transaction=null]; now have 1 sessions
2011-03-24 18:48:23,663 [ObjectStoreTransactionManager 1659215424@qtp-1351805814-0 INFO ]  startTransaction: level 0->1 (no transaction in progress or was previously completed; transaction created)
2011-03-24 18:48:23,664 [ObjectStoreTransactionManager 1659215424@qtp-1351805814-0 INFO ]  endTransaction: level 1->0
2011-03-24 18:48:23,665 [ObjectStoreTransactionManager 1659215424@qtp-1351805814-0 INFO ]  endTransaction: committing
2011-03-24 18:48:23,665 [IsisTransactionAbstract 1659215424@qtp-1351805814-0 INFO ]  commit transaction ObjectStoreTransaction@5193b022[state=IN_PROGRESS,commands=0]
2011-03-24 18:48:23,672 [ObjectStoreTransactionManager 1659215424@qtp-1351805814-0 INFO ]  startTransaction: level 0->1 (no transaction in progress or was previously completed; transaction created)
2011-03-24 18:48:23,675 [PersistenceSessionAbstract 1659215424@qtp-1351805814-0 INFO ]  createPersistenceQueryFor: dom.todo.ToDoItem (all instances)
2011-03-24 18:48:23,678 [PersistenceSessionObjectStore 1659215424@qtp-1351805814-0 INFO ]  getInstances matching PersistenceQueryFindAllInstances[spec=ToDoItem]
2011-03-24 18:48:23,688 [FacetedMethodsBuilder 1659215424@qtp-1351805814-0 INFO ]  introspecting java.util.ArrayList
2011-03-24 18:48:23,693 [FacetedMethodsBuilder 1659215424@qtp-1351805814-0 INFO ]  introspecting java.util.AbstractList
2011-03-24 18:48:23,696 [FacetedMethodsBuilder 1659215424@qtp-1351805814-0 INFO ]  introspecting java.util.AbstractCollection
2011-03-24 18:48:23,699 [ObjectStoreTransactionManager 1659215424@qtp-1351805814-0 INFO ]  endTransaction: level 1->0
2011-03-24 18:48:23,699 [ObjectStoreTransactionManager 1659215424@qtp-1351805814-0 INFO ]  endTransaction: committing
2011-03-24 18:48:23,700 [IsisTransactionAbstract 1659215424@qtp-1351805814-0 INFO ]  commit transaction ObjectStoreTransaction@2f17b4f2[state=IN_PROGRESS,commands=0]
2011-03-24 18:48:23,703 [PersistenceSessionAbstract 1659215424@qtp-1351805814-0 INFO ]  closing PersistenceSessionObjectStore@e026161[objectStore=In-Memory Object Store,persistAlgorithm=Simple Bottom Up Persistence Walker]
2011-03-24 18:48:26,324 [PersistenceMechanismInstallerAbstract 1659215424@qtp-1351805814-0 INFO ]  installing org.apache.isis.runtimes.dflt.objectstores.dflt.InMemoryPersistenceMechanismInstaller
2011-03-24 18:48:26,325 [IsisConfigurationDefault 1659215424@qtp-1351805814-0 INFO ]  from :[servlet context ('/WEB-INF'), context loader classpath]
2011-03-24 18:48:26,326 [InMemoryObjectStore  1659215424@qtp-1351805814-0 INFO ]  creating memory object store
2011-03-24 18:48:26,327 [UserProfile          1659215424@qtp-1351805814-0 INFO ]  creating exploration UserProfile for exploration
2011-03-24 18:48:26,328 [IsisContextThreadLocal 1659215424@qtp-1351805814-0 INFO ]    opening session IsisSessionDefault@2f1261b1[context=#6exploration,authenticationSession=ExplorationSession@1e69dff6[name=exploration,code=26O50KOMYB],persistenceSession=PersistenceSessionObjectStore@5fcbc39b[objectStore=In-Memory Object Store,persistAlgorithm=Simple Bottom Up Persistence Walker],transaction=null] (count 0) for exploration
2011-03-24 18:48:26,329 [IsisContextThreadLocal 1659215424@qtp-1351805814-0 INFO ]    saving session IsisSessionDefault@2f1261b1[context=#6exploration,authenticationSession=ExplorationSession@1e69dff6[name=exploration,code=26O50KOMYB],persistenceSession=PersistenceSessionObjectStore@5fcbc39b[objectStore=In-Memory Object Store,persistAlgorithm=Simple Bottom Up Persistence Walker],transaction=null]; now have 1 sessions
2011-03-24 18:48:26,331 [ObjectStoreTransactionManager 1659215424@qtp-1351805814-0 INFO ]  startTransaction: level 0->1 (no transaction in progress or was previously completed; transaction created)
2011-03-24 18:48:26,332 [ObjectStoreTransactionManager 1659215424@qtp-1351805814-0 INFO ]  endTransaction: level 1->0
2011-03-24 18:48:26,332 [ObjectStoreTransactionManager 1659215424@qtp-1351805814-0 INFO ]  endTransaction: committing
2011-03-24 18:48:26,333 [IsisTransactionAbstract 1659215424@qtp-1351805814-0 INFO ]  commit transaction ObjectStoreTransaction@52f5bad0[state=IN_PROGRESS,commands=0]
2011-03-24 18:48:26,338 [ObjectStoreTransactionManager 1659215424@qtp-1351805814-0 INFO ]  startTransaction: level 0->1 (no transaction in progress or was previously completed; transaction created)
2011-03-24 18:48:26,340 [ObjectStoreTransactionManager 1659215424@qtp-1351805814-0 INFO ]  endTransaction: level 1->0
2011-03-24 18:48:26,341 [ObjectStoreTransactionManager 1659215424@qtp-1351805814-0 INFO ]  endTransaction: committing
2011-03-24 18:48:26,342 [IsisTransactionAbstract 1659215424@qtp-1351805814-0 INFO ]  commit transaction ObjectStoreTransaction@56ec1e6f[state=IN_PROGRESS,commands=0]
2011-03-24 18:48:26,342 [PersistenceSessionObjectStore 1659215424@qtp-1351805814-0 INFO ]  resolved: ToDoItem PG~~ OID#4+
2011-03-24 18:48:26,365 [PersistenceSessionAbstract 1659215424@qtp-1351805814-0 INFO ]  closing PersistenceSessionObjectStore@5fcbc39b[objectStore=In-Memory Object Store,persistAlgorithm=Simple Bottom Up Persistence Walker]
2011-03-24 18:53:29,235 [IsisWebAppBootstrapper Shutdown   INFO ]  server shutting down
2011-03-24 18:53:29,236 [IsisWebAppBootstrapper Shutdown   INFO ]  calling system shutdown
2011-03-24 18:53:29,236 [IsisSystemAbstract   Shutdown   INFO ]  shutting down system
2011-03-24 18:53:29,237 [IsisContext          Shutdown   INFO ]  closing all instances
2011-03-24 18:53:29,237 [IsisWebAppBootstrapper Shutdown   INFO ]  server shut down
2011-03-24 18:53:29,679 [PojoAdapterHashMap   Finalizer  INFO ]  finalizing hash of pojos
2011-03-24 18:53:29,680 [PersistenceSessionObjectStore Finalizer  INFO ]  finalizing object manager
2011-03-24 18:53:29,680 [PojoAdapterHashMap   Finalizer  INFO ]  finalizing hash of pojos
2011-03-24 18:53:29,681 [PersistenceSessionObjectStore Finalizer  INFO ]  finalizing object manager
2011-03-24 18:53:29,681 [PojoAdapterHashMap   Finalizer  INFO ]  finalizing hash of pojos
2011-03-24 18:53:29,681 [PersistenceSessionObjectStore Finalizer  INFO ]  finalizing object manager
2011-03-24 18:53:29,681 [PojoAdapterHashMap   Finalizer  INFO ]  finalizing hash of pojos
2011-03-24 18:53:29,681 [PersistenceSessionObjectStore Finalizer  INFO ]  finalizing object manager
2011-03-24 18:53:29,682 [PojoAdapterHashMap   Finalizer  INFO ]  finalizing hash of pojos
2011-03-24 18:53:29,682 [PersistenceSessionObjectStore Finalizer  INFO ]  finalizing object manager
2011-03-24 18:53:29,682 [PojoAdapterHashMap   Finalizer  INFO ]  finalizing hash of pojos
2011-03-24 18:53:29,683 [PersistenceSessionObjectStore Finalizer  INFO ]  finalizing object manager
